# JRE version: OpenJDK Runtime Environment Temurin-21.0.8+9 (21.0.8+9) (build 21.0.8+9-LTS)
# Java VM: OpenJDK 64-Bit Server VM Temurin-21.0.8+9 (21.0.8+9-LTS, mixed mode, sharing, tiered, compressed oops, compressed class ptrs, parallel gc, windows-amd64)
GC Precious Log:
 CardTable entry size: 512
 CPUs: 16 total, 16 available
 Memory: 15693M
 Large Page Support: Disabled
 NUMA Support: Disabled
 Compressed Oops: Enabled (32-bit)
 Alignments: Space 512K, Generation 512K, Heap 2M
 Heap Min Capacity: 100M
 Heap Initial Capacity: 100M
 Heap Max Capacity: 2G
 Pre-touch: Disabled
 Parallel Workers: 13
Heap:
 PSYoungGen      total 2560K, used 1311K [0x00000000d5580000, 0x00000000d5a80000, 0x0000000100000000)
  eden space 1536K, 32% used [0x00000000d5580000,0x00000000d55fb7b0,0x00000000d5700000)
  from space 1024K, 79% used [0x00000000d5980000,0x00000000d5a4c808,0x00000000d5a80000)
  to   space 1024K, 0% used [0x00000000d5700000,0x00000000d5700000,0x00000000d5800000)
 ParOldGen       total 932864K, used 932383K [0x0000000080000000, 0x00000000b8f00000, 0x00000000d5580000)
  object space 932864K, 99% used [0x0000000080000000,0x00000000b8e87f58,0x00000000b8f00000)
 Metaspace       used 72236K, committed 73792K, reserved 1179648K
  class space    used 7174K, committed 7872K, reserved 1048576K
GC Heap History (20 events):
Event: 49.051 GC heap before
{Heap before GC invocations=2483 (full 4):
 PSYoungGen      total 3072K, used 3072K [0x00000000d5580000, 0x00000000d5d00000, 0x0000000100000000)
  eden space 2560K, 100% used [0x00000000d5580000,0x00000000d5800000,0x00000000d5800000)
  from space 512K, 100% used [0x00000000d5b80000,0x00000000d5c00000,0x00000000d5c00000)
  to   space 2560K, 0% used [0x00000000d5800000,0x00000000d5800000,0x00000000d5a80000)
 ParOldGen       total 922112K, used 921743K [0x0000000080000000, 0x00000000b8480000, 0x00000000d5580000)
  object space 922112K, 99% used [0x0000000080000000,0x00000000b8423eb8,0x00000000b8480000)
 Metaspace       used 72236K, committed 73792K, reserved 1179648K
  class space    used 7174K, committed 7872K, reserved 1048576K
}
Event: 49.053 GC heap after
{Heap after GC invocations=2483 (full 4):
 PSYoungGen      total 4096K, used 1202K [0x00000000d5580000, 0x00000000d5c00000, 0x0000000100000000)
  eden space 2560K, 0% used [0x00000000d5580000,0x00000000d5580000,0x00000000d5800000)
  from space 1536K, 78% used [0x00000000d5800000,0x00000000d592c808,0x00000000d5980000)
  to   space 2048K, 0% used [0x00000000d5a00000,0x00000000d5a00000,0x00000000d5c00000)
 ParOldGen       total 922624K, used 922188K [0x0000000080000000, 0x00000000b8500000, 0x00000000d5580000)
  object space 922624K, 99% used [0x0000000080000000,0x00000000b8493290,0x00000000b8500000)
 Metaspace       used 72236K, committed 73792K, reserved 1179648K
  class space    used 7174K, committed 7872K, reserved 1048576K
}
Event: 49.065 GC heap before
{Heap before GC invocations=2484 (full 4):
 PSYoungGen      total 4096K, used 3762K [0x00000000d5580000, 0x00000000d5c00000, 0x0000000100000000)
  eden space 2560K, 99% used [0x00000000d5580000,0x00000000d57ffff8,0x00000000d5800000)
  from space 1536K, 78% used [0x00000000d5800000,0x00000000d592c808,0x00000000d5980000)
  to   space 2048K, 0% used [0x00000000d5a00000,0x00000000d5a00000,0x00000000d5c00000)
 ParOldGen       total 922624K, used 922188K [0x0000000080000000, 0x00000000b8500000, 0x00000000d5580000)
  object space 922624K, 99% used [0x0000000080000000,0x00000000b8493290,0x00000000b8500000)
 Metaspace       used 72236K, committed 73792K, reserved 1179648K
  class space    used 7174K, committed 7872K, reserved 1048576K
}
Event: 49.067 GC heap after
{Heap after GC invocations=2484 (full 4):
 PSYoungGen      total 4096K, used 1280K [0x00000000d5580000, 0x00000000d5b80000, 0x0000000100000000)
  eden space 2560K, 0% used [0x00000000d5580000,0x00000000d5580000,0x00000000d5800000)
  from space 1536K, 83% used [0x00000000d5a00000,0x00000000d5b40000,0x00000000d5b80000)
  to   space 1536K, 0% used [0x00000000d5800000,0x00000000d5800000,0x00000000d5980000)
 ParOldGen       total 923136K, used 923106K [0x0000000080000000, 0x00000000b8580000, 0x00000000d5580000)
  object space 923136K, 99% used [0x0000000080000000,0x00000000b8578988,0x00000000b8580000)
 Metaspace       used 72236K, committed 73792K, reserved 1179648K
  class space    used 7174K, committed 7872K, reserved 1048576K
}
Event: 49.090 GC heap before
{Heap before GC invocations=2485 (full 4):
 PSYoungGen      total 4096K, used 3840K [0x00000000d5580000, 0x00000000d5b80000, 0x0000000100000000)
  eden space 2560K, 100% used [0x00000000d5580000,0x00000000d5800000,0x00000000d5800000)
  from space 1536K, 83% used [0x00000000d5a00000,0x00000000d5b40000,0x00000000d5b80000)
  to   space 1536K, 0% used [0x00000000d5800000,0x00000000d5800000,0x00000000d5980000)
 ParOldGen       total 923136K, used 923106K [0x0000000080000000, 0x00000000b8580000, 0x00000000d5580000)
  object space 923136K, 99% used [0x0000000080000000,0x00000000b8578988,0x00000000b8580000)
 Metaspace       used 72236K, committed 73792K, reserved 1179648K
  class space    used 7174K, committed 7872K, reserved 1048576K
}
Event: 49.092 GC heap after
{Heap after GC invocations=2485 (full 4):
 PSYoungGen      total 4096K, used 886K [0x00000000d5580000, 0x00000000d5b00000, 0x0000000100000000)
  eden space 2560K, 0% used [0x00000000d5580000,0x00000000d5580000,0x00000000d5800000)
  from space 1536K, 57% used [0x00000000d5800000,0x00000000d58dd810,0x00000000d5980000)
  to   space 1536K, 0% used [0x00000000d5980000,0x00000000d5980000,0x00000000d5b00000)
 ParOldGen       total 924160K, used 923993K [0x0000000080000000, 0x00000000b8680000, 0x00000000d5580000)
  object space 924160K, 99% used [0x0000000080000000,0x00000000b86567f8,0x00000000b8680000)
 Metaspace       used 72236K, committed 73792K, reserved 1179648K
  class space    used 7174K, committed 7872K, reserved 1048576K
}
Event: 49.114 GC heap before
{Heap before GC invocations=2486 (full 4):
 PSYoungGen      total 4096K, used 3446K [0x00000000d5580000, 0x00000000d5b00000, 0x0000000100000000)
  eden space 2560K, 100% used [0x00000000d5580000,0x00000000d5800000,0x00000000d5800000)
  from space 1536K, 57% used [0x00000000d5800000,0x00000000d58dd810,0x00000000d5980000)
  to   space 1536K, 0% used [0x00000000d5980000,0x00000000d5980000,0x00000000d5b00000)
 ParOldGen       total 924160K, used 923993K [0x0000000080000000, 0x00000000b8680000, 0x00000000d5580000)
  object space 924160K, 99% used [0x0000000080000000,0x00000000b86567f8,0x00000000b8680000)
 Metaspace       used 72236K, committed 73792K, reserved 1179648K
  class space    used 7174K, committed 7872K, reserved 1048576K
}
Event: 49.117 GC heap after
{Heap after GC invocations=2486 (full 4):
 PSYoungGen      total 3584K, used 978K [0x00000000d5580000, 0x00000000d5a80000, 0x0000000100000000)
  eden space 2560K, 0% used [0x00000000d5580000,0x00000000d5580000,0x00000000d5800000)
  from space 1024K, 95% used [0x00000000d5980000,0x00000000d5a74808,0x00000000d5a80000)
  to   space 1024K, 0% used [0x00000000d5880000,0x00000000d5880000,0x00000000d5980000)
 ParOldGen       total 924672K, used 924632K [0x0000000080000000, 0x00000000b8700000, 0x00000000d5580000)
  object space 924672K, 99% used [0x0000000080000000,0x00000000b86f6288,0x00000000b8700000)
 Metaspace       used 72236K, committed 73792K, reserved 1179648K
  class space    used 7174K, committed 7872K, reserved 1048576K
}
Event: 49.122 GC heap before
{Heap before GC invocations=2487 (full 4):
 PSYoungGen      total 3584K, used 3538K [0x00000000d5580000, 0x00000000d5a80000, 0x0000000100000000)
  eden space 2560K, 100% used [0x00000000d5580000,0x00000000d5800000,0x00000000d5800000)
  from space 1024K, 95% used [0x00000000d5980000,0x00000000d5a74808,0x00000000d5a80000)
  to   space 1024K, 0% used [0x00000000d5880000,0x00000000d5880000,0x00000000d5980000)
 ParOldGen       total 924672K, used 924632K [0x0000000080000000, 0x00000000b8700000, 0x00000000d5580000)
  object space 924672K, 99% used [0x0000000080000000,0x00000000b86f6288,0x00000000b8700000)
 Metaspace       used 72236K, committed 73792K, reserved 1179648K
  class space    used 7174K, committed 7872K, reserved 1048576K
}
Event: 49.124 GC heap after
{Heap after GC invocations=2487 (full 4):
 PSYoungGen      total 3584K, used 992K [0x00000000d5580000, 0x00000000d5f00000, 0x0000000100000000)
  eden space 2560K, 0% used [0x00000000d5580000,0x00000000d5580000,0x00000000d5800000)
  from space 1024K, 96% used [0x00000000d5880000,0x00000000d59781e0,0x00000000d5980000)
  to   space 3584K, 0% used [0x00000000d5b80000,0x00000000d5b80000,0x00000000d5f00000)
 ParOldGen       total 926720K, used 926411K [0x0000000080000000, 0x00000000b8900000, 0x00000000d5580000)
  object space 926720K, 99% used [0x0000000080000000,0x00000000b88b2f20,0x00000000b8900000)
 Metaspace       used 72236K, committed 73792K, reserved 1179648K
  class space    used 7174K, committed 7872K, reserved 1048576K
}
Event: 49.147 GC heap before
{Heap before GC invocations=2488 (full 4):
 PSYoungGen      total 3584K, used 3552K [0x00000000d5580000, 0x00000000d5f00000, 0x0000000100000000)
  eden space 2560K, 100% used [0x00000000d5580000,0x00000000d5800000,0x00000000d5800000)
  from space 1024K, 96% used [0x00000000d5880000,0x00000000d59781e0,0x00000000d5980000)
  to   space 3584K, 0% used [0x00000000d5b80000,0x00000000d5b80000,0x00000000d5f00000)
 ParOldGen       total 926720K, used 926411K [0x0000000080000000, 0x00000000b8900000, 0x00000000d5580000)
  object space 926720K, 99% used [0x0000000080000000,0x00000000b88b2f20,0x00000000b8900000)
 Metaspace       used 72236K, committed 73792K, reserved 1179648K
  class space    used 7174K, committed 7872K, reserved 1048576K
}
Event: 49.149 GC heap after
{Heap after GC invocations=2488 (full 4):
 PSYoungGen      total 4096K, used 1531K [0x00000000d5580000, 0x00000000d5d00000, 0x0000000100000000)
  eden space 2560K, 0% used [0x00000000d5580000,0x00000000d5580000,0x00000000d5800000)
  from space 1536K, 99% used [0x00000000d5b80000,0x00000000d5cfee58,0x00000000d5d00000)
  to   space 2048K, 0% used [0x00000000d5900000,0x00000000d5900000,0x00000000d5b00000)
 ParOldGen       total 927744K, used 927370K [0x0000000080000000, 0x00000000b8a00000, 0x00000000d5580000)
  object space 927744K, 99% used [0x0000000080000000,0x00000000b89a2810,0x00000000b8a00000)
 Metaspace       used 72236K, committed 73792K, reserved 1179648K
  class space    used 7174K, committed 7872K, reserved 1048576K
}
Event: 49.171 GC heap before
{Heap before GC invocations=2489 (full 4):
 PSYoungGen      total 4096K, used 4091K [0x00000000d5580000, 0x00000000d5d00000, 0x0000000100000000)
  eden space 2560K, 100% used [0x00000000d5580000,0x00000000d5800000,0x00000000d5800000)
  from space 1536K, 99% used [0x00000000d5b80000,0x00000000d5cfee58,0x00000000d5d00000)
  to   space 2048K, 0% used [0x00000000d5900000,0x00000000d5900000,0x00000000d5b00000)
 ParOldGen       total 927744K, used 927370K [0x0000000080000000, 0x00000000b8a00000, 0x00000000d5580000)
  object space 927744K, 99% used [0x0000000080000000,0x00000000b89a2810,0x00000000b8a00000)
 Metaspace       used 72236K, committed 73792K, reserved 1179648K
  class space    used 7174K, committed 7872K, reserved 1048576K
}
Event: 49.174 GC heap after
{Heap after GC invocations=2489 (full 4):
 PSYoungGen      total 4608K, used 1664K [0x00000000d5580000, 0x00000000d5c00000, 0x0000000100000000)
  eden space 2560K, 0% used [0x00000000d5580000,0x00000000d5580000,0x00000000d5800000)
  from space 2048K, 81% used [0x00000000d5900000,0x00000000d5aa0008,0x00000000d5b00000)
  to   space 1024K, 0% used [0x00000000d5b00000,0x00000000d5b00000,0x00000000d5c00000)
 ParOldGen       total 928768K, used 928624K [0x0000000080000000, 0x00000000b8b00000, 0x00000000d5580000)
  object space 928768K, 99% used [0x0000000080000000,0x00000000b8adc148,0x00000000b8b00000)
 Metaspace       used 72236K, committed 73792K, reserved 1179648K
  class space    used 7174K, committed 7872K, reserved 1048576K
}
Event: 49.181 GC heap before
{Heap before GC invocations=2490 (full 4):
 PSYoungGen      total 4608K, used 4207K [0x00000000d5580000, 0x00000000d5c00000, 0x0000000100000000)
  eden space 2560K, 99% used [0x00000000d5580000,0x00000000d57fbdc0,0x00000000d5800000)
  from space 2048K, 81% used [0x00000000d5900000,0x00000000d5aa0008,0x00000000d5b00000)
  to   space 1024K, 0% used [0x00000000d5b00000,0x00000000d5b00000,0x00000000d5c00000)
 ParOldGen       total 928768K, used 928624K [0x0000000080000000, 0x00000000b8b00000, 0x00000000d5580000)
  object space 928768K, 99% used [0x0000000080000000,0x00000000b8adc148,0x00000000b8b00000)
 Metaspace       used 72236K, committed 73792K, reserved 1179648K
  class space    used 7174K, committed 7872K, reserved 1048576K
}
Event: 49.184 GC heap after
{Heap after GC invocations=2490 (full 4):
 PSYoungGen      total 2560K, used 997K [0x00000000d5580000, 0x00000000d6000000, 0x0000000100000000)
  eden space 1536K, 0% used [0x00000000d5580000,0x00000000d5580000,0x00000000d5700000)
  from space 1024K, 97% used [0x00000000d5b00000,0x00000000d5bf96a0,0x00000000d5c00000)
  to   space 4096K, 0% used [0x00000000d5700000,0x00000000d5700000,0x00000000d5b00000)
 ParOldGen       total 931328K, used 930963K [0x0000000080000000, 0x00000000b8d80000, 0x00000000d5580000)
  object space 931328K, 99% used [0x0000000080000000,0x00000000b8d24c88,0x00000000b8d80000)
 Metaspace       used 72236K, committed 73792K, reserved 1179648K
  class space    used 7174K, committed 7872K, reserved 1048576K
}
Event: 49.199 GC heap before
{Heap before GC invocations=2491 (full 4):
 PSYoungGen      total 2560K, used 2533K [0x00000000d5580000, 0x00000000d6000000, 0x0000000100000000)
  eden space 1536K, 100% used [0x00000000d5580000,0x00000000d5700000,0x00000000d5700000)
  from space 1024K, 97% used [0x00000000d5b00000,0x00000000d5bf96a0,0x00000000d5c00000)
  to   space 4096K, 0% used [0x00000000d5700000,0x00000000d5700000,0x00000000d5b00000)
 ParOldGen       total 931328K, used 930963K [0x0000000080000000, 0x00000000b8d80000, 0x00000000d5580000)
  object space 931328K, 99% used [0x0000000080000000,0x00000000b8d24c88,0x00000000b8d80000)
 Metaspace       used 72236K, committed 73792K, reserved 1179648K
  class space    used 7174K, committed 7872K, reserved 1048576K
}
Event: 49.201 GC heap after
{Heap after GC invocations=2491 (full 4):
 PSYoungGen      total 2560K, used 836K [0x00000000d5580000, 0x00000000d5b80000, 0x0000000100000000)
  eden space 1536K, 0% used [0x00000000d5580000,0x00000000d5580000,0x00000000d5700000)
  from space 1024K, 81% used [0x00000000d5700000,0x00000000d57d1008,0x00000000d5800000)
  to   space 2048K, 0% used [0x00000000d5980000,0x00000000d5980000,0x00000000d5b80000)
 ParOldGen       total 932352K, used 932022K [0x0000000080000000, 0x00000000b8e80000, 0x00000000d5580000)
  object space 932352K, 99% used [0x0000000080000000,0x00000000b8e2d818,0x00000000b8e80000)
 Metaspace       used 72236K, committed 73792K, reserved 1179648K
  class space    used 7174K, committed 7872K, reserved 1048576K
}
Event: 49.211 GC heap before
{Heap before GC invocations=2492 (full 4):
 PSYoungGen      total 2560K, used 2369K [0x00000000d5580000, 0x00000000d5b80000, 0x0000000100000000)
  eden space 1536K, 99% used [0x00000000d5580000,0x00000000d56ff628,0x00000000d5700000)
  from space 1024K, 81% used [0x00000000d5700000,0x00000000d57d1008,0x00000000d5800000)
  to   space 2048K, 0% used [0x00000000d5980000,0x00000000d5980000,0x00000000d5b80000)
 ParOldGen       total 932352K, used 932022K [0x0000000080000000, 0x00000000b8e80000, 0x00000000d5580000)
  object space 932352K, 99% used [0x0000000080000000,0x00000000b8e2d818,0x00000000b8e80000)
 Metaspace       used 72236K, committed 73792K, reserved 1179648K
  class space    used 7174K, committed 7872K, reserved 1048576K
}
Event: 49.213 GC heap after
{Heap after GC invocations=2492 (full 4):
 PSYoungGen      total 2560K, used 818K [0x00000000d5580000, 0x00000000d5a80000, 0x0000000100000000)
  eden space 1536K, 0% used [0x00000000d5580000,0x00000000d5580000,0x00000000d5700000)
  from space 1024K, 79% used [0x00000000d5980000,0x00000000d5a4c808,0x00000000d5a80000)
  to   space 1024K, 0% used [0x00000000d5700000,0x00000000d5700000,0x00000000d5800000)
 ParOldGen       total 932864K, used 932383K [0x0000000080000000, 0x00000000b8f00000, 0x00000000d5580000)
  object space 932864K, 99% used [0x0000000080000000,0x00000000b8e87f58,0x00000000b8f00000)
 Metaspace       used 72236K, committed 73792K, reserved 1179648K
  class space    used 7174K, committed 7872K, reserved 1048576K
}

