# JRE version: OpenJDK Runtime Environment Temurin-21.0.8+9 (21.0.8+9) (build 21.0.8+9-LTS)
# Java VM: OpenJDK 64-Bit Server VM Temurin-21.0.8+9 (21.0.8+9-LTS, mixed mode, sharing, tiered, compressed oops, compressed class ptrs, parallel gc, windows-amd64)
GC Precious Log:
 CardTable entry size: 512
 CPUs: 16 total, 16 available
 Memory: 15693M
 Large Page Support: Disabled
 NUMA Support: Disabled
 Compressed Oops: Enabled (32-bit)
 Alignments: Space 512K, Generation 512K, Heap 2M
 Heap Min Capacity: 100M
 Heap Initial Capacity: 100M
 Heap Max Capacity: 2G
 Pre-touch: Disabled
 Parallel Workers: 13
Heap:
 PSYoungGen      total 20480K, used 17249K [0x00000000d5580000, 0x00000000d7880000, 0x0000000100000000)
  eden space 12288K, 74% used [0x00000000d5580000,0x00000000d5e7d4e0,0x00000000d6180000)
  from space 8192K, 98% used [0x00000000d7080000,0x00000000d785b2d0,0x00000000d7880000)
  to   space 10752K, 0% used [0x00000000d6380000,0x00000000d6380000,0x00000000d6e00000)
 ParOldGen       total 1216000K, used 1215825K [0x0000000080000000, 0x00000000ca380000, 0x00000000d5580000)
  object space 1216000K, 99% used [0x0000000080000000,0x00000000ca354540,0x00000000ca380000)
 Metaspace       used 85424K, committed 86912K, reserved 1179648K
  class space    used 8299K, committed 9024K, reserved 1048576K
GC Heap History (20 events):
Event: 11667.127 GC heap before
{Heap before GC invocations=3200 (full 6):
 PSYoungGen      total 9728K, used 9696K [0x00000000d5580000, 0x00000000d6380000, 0x0000000100000000)
  eden space 9216K, 100% used [0x00000000d5580000,0x00000000d5e80000,0x00000000d5e80000)
  from space 512K, 93% used [0x00000000d6300000,0x00000000d6378010,0x00000000d6380000)
  to   space 1536K, 0% used [0x00000000d6080000,0x00000000d6080000,0x00000000d6200000)
 ParOldGen       total 1187840K, used 1187527K [0x0000000080000000, 0x00000000c8800000, 0x00000000d5580000)
  object space 1187840K, 99% used [0x0000000080000000,0x00000000c87b1e10,0x00000000c8800000)
 Metaspace       used 85407K, committed 86912K, reserved 1179648K
  class space    used 8299K, committed 9024K, reserved 1048576K
}
Event: 11667.130 GC heap after
{Heap after GC invocations=3200 (full 6):
 PSYoungGen      total 12800K, used 1509K [0x00000000d5580000, 0x00000000d6580000, 0x0000000100000000)
  eden space 11264K, 0% used [0x00000000d5580000,0x00000000d5580000,0x00000000d6080000)
  from space 1536K, 98% used [0x00000000d6080000,0x00000000d61f9610,0x00000000d6200000)
  to   space 2560K, 0% used [0x00000000d6300000,0x00000000d6300000,0x00000000d6580000)
 ParOldGen       total 1188352K, used 1187975K [0x0000000080000000, 0x00000000c8880000, 0x00000000d5580000)
  object space 1188352K, 99% used [0x0000000080000000,0x00000000c8821e20,0x00000000c8880000)
 Metaspace       used 85407K, committed 86912K, reserved 1179648K
  class space    used 8299K, committed 9024K, reserved 1048576K
}
Event: 11667.141 GC heap before
{Heap before GC invocations=3201 (full 6):
 PSYoungGen      total 12800K, used 12773K [0x00000000d5580000, 0x00000000d6580000, 0x0000000100000000)
  eden space 11264K, 100% used [0x00000000d5580000,0x00000000d6080000,0x00000000d6080000)
  from space 1536K, 98% used [0x00000000d6080000,0x00000000d61f9610,0x00000000d6200000)
  to   space 2560K, 0% used [0x00000000d6300000,0x00000000d6300000,0x00000000d6580000)
 ParOldGen       total 1188352K, used 1187975K [0x0000000080000000, 0x00000000c8880000, 0x00000000d5580000)
  object space 1188352K, 99% used [0x0000000080000000,0x00000000c8821e20,0x00000000c8880000)
 Metaspace       used 85407K, committed 86912K, reserved 1179648K
  class space    used 8299K, committed 9024K, reserved 1048576K
}
Event: 11667.145 GC heap after
{Heap after GC invocations=3201 (full 6):
 PSYoungGen      total 14848K, used 864K [0x00000000d5580000, 0x00000000d6600000, 0x0000000100000000)
  eden space 12288K, 0% used [0x00000000d5580000,0x00000000d5580000,0x00000000d6180000)
  from space 2560K, 33% used [0x00000000d6300000,0x00000000d63d8000,0x00000000d6580000)
  to   space 1536K, 0% used [0x00000000d6180000,0x00000000d6180000,0x00000000d6300000)
 ParOldGen       total 1189888K, used 1189388K [0x0000000080000000, 0x00000000c8a00000, 0x00000000d5580000)
  object space 1189888K, 99% used [0x0000000080000000,0x00000000c8983198,0x00000000c8a00000)
 Metaspace       used 85407K, committed 86912K, reserved 1179648K
  class space    used 8299K, committed 9024K, reserved 1048576K
}
Event: 11667.154 GC heap before
{Heap before GC invocations=3202 (full 6):
 PSYoungGen      total 14848K, used 13152K [0x00000000d5580000, 0x00000000d6600000, 0x0000000100000000)
  eden space 12288K, 100% used [0x00000000d5580000,0x00000000d6180000,0x00000000d6180000)
  from space 2560K, 33% used [0x00000000d6300000,0x00000000d63d8000,0x00000000d6580000)
  to   space 1536K, 0% used [0x00000000d6180000,0x00000000d6180000,0x00000000d6300000)
 ParOldGen       total 1189888K, used 1189388K [0x0000000080000000, 0x00000000c8a00000, 0x00000000d5580000)
  object space 1189888K, 99% used [0x0000000080000000,0x00000000c8983198,0x00000000c8a00000)
 Metaspace       used 85407K, committed 86912K, reserved 1179648K
  class space    used 8299K, committed 9024K, reserved 1048576K
}
Event: 11667.158 GC heap after
{Heap after GC invocations=3202 (full 6):
 PSYoungGen      total 13824K, used 1285K [0x00000000d5580000, 0x00000000d6700000, 0x0000000100000000)
  eden space 12288K, 0% used [0x00000000d5580000,0x00000000d5580000,0x00000000d6180000)
  from space 1536K, 83% used [0x00000000d6180000,0x00000000d62c1458,0x00000000d6300000)
  to   space 1536K, 0% used [0x00000000d6580000,0x00000000d6580000,0x00000000d6700000)
 ParOldGen       total 1190400K, used 1189992K [0x0000000080000000, 0x00000000c8a80000, 0x00000000d5580000)
  object space 1190400K, 99% used [0x0000000080000000,0x00000000c8a1a108,0x00000000c8a80000)
 Metaspace       used 85407K, committed 86912K, reserved 1179648K
  class space    used 8299K, committed 9024K, reserved 1048576K
}
Event: 11700.253 GC heap before
{Heap before GC invocations=3203 (full 6):
 PSYoungGen      total 13824K, used 13573K [0x00000000d5580000, 0x00000000d6700000, 0x0000000100000000)
  eden space 12288K, 100% used [0x00000000d5580000,0x00000000d6180000,0x00000000d6180000)
  from space 1536K, 83% used [0x00000000d6180000,0x00000000d62c1458,0x00000000d6300000)
  to   space 1536K, 0% used [0x00000000d6580000,0x00000000d6580000,0x00000000d6700000)
 ParOldGen       total 1190400K, used 1189992K [0x0000000080000000, 0x00000000c8a80000, 0x00000000d5580000)
  object space 1190400K, 99% used [0x0000000080000000,0x00000000c8a1a108,0x00000000c8a80000)
 Metaspace       used 85411K, committed 86912K, reserved 1179648K
  class space    used 8299K, committed 9024K, reserved 1048576K
}
Event: 11700.256 GC heap after
{Heap after GC invocations=3203 (full 6):
 PSYoungGen      total 13824K, used 1060K [0x00000000d5580000, 0x00000000d6700000, 0x0000000100000000)
  eden space 12288K, 0% used [0x00000000d5580000,0x00000000d5580000,0x00000000d6180000)
  from space 1536K, 69% used [0x00000000d6580000,0x00000000d6689230,0x00000000d6700000)
  to   space 1536K, 0% used [0x00000000d6180000,0x00000000d6180000,0x00000000d6300000)
 ParOldGen       total 1191424K, used 1191101K [0x0000000080000000, 0x00000000c8b80000, 0x00000000d5580000)
  object space 1191424K, 99% used [0x0000000080000000,0x00000000c8b2f560,0x00000000c8b80000)
 Metaspace       used 85411K, committed 86912K, reserved 1179648K
  class space    used 8299K, committed 9024K, reserved 1048576K
}
Event: 11700.296 GC heap before
{Heap before GC invocations=3204 (full 6):
 PSYoungGen      total 13824K, used 13348K [0x00000000d5580000, 0x00000000d6700000, 0x0000000100000000)
  eden space 12288K, 100% used [0x00000000d5580000,0x00000000d6180000,0x00000000d6180000)
  from space 1536K, 69% used [0x00000000d6580000,0x00000000d6689230,0x00000000d6700000)
  to   space 1536K, 0% used [0x00000000d6180000,0x00000000d6180000,0x00000000d6300000)
 ParOldGen       total 1191424K, used 1191101K [0x0000000080000000, 0x00000000c8b80000, 0x00000000d5580000)
  object space 1191424K, 99% used [0x0000000080000000,0x00000000c8b2f560,0x00000000c8b80000)
 Metaspace       used 85412K, committed 86912K, reserved 1179648K
  class space    used 8299K, committed 9024K, reserved 1048576K
}
Event: 11700.305 GC heap after
{Heap after GC invocations=3204 (full 6):
 PSYoungGen      total 13824K, used 1524K [0x00000000d5580000, 0x00000000d7a80000, 0x0000000100000000)
  eden space 12288K, 0% used [0x00000000d5580000,0x00000000d5580000,0x00000000d6180000)
  from space 1536K, 99% used [0x00000000d6180000,0x00000000d62fd1c0,0x00000000d6300000)
  to   space 12800K, 0% used [0x00000000d6e00000,0x00000000d6e00000,0x00000000d7a80000)
 ParOldGen       total 1200640K, used 1200509K [0x0000000080000000, 0x00000000c9480000, 0x00000000d5580000)
  object space 1200640K, 99% used [0x0000000080000000,0x00000000c945f620,0x00000000c9480000)
 Metaspace       used 85412K, committed 86912K, reserved 1179648K
  class space    used 8299K, committed 9024K, reserved 1048576K
}
Event: 11700.391 GC heap before
{Heap before GC invocations=3205 (full 6):
 PSYoungGen      total 13824K, used 13812K [0x00000000d5580000, 0x00000000d7a80000, 0x0000000100000000)
  eden space 12288K, 100% used [0x00000000d5580000,0x00000000d6180000,0x00000000d6180000)
  from space 1536K, 99% used [0x00000000d6180000,0x00000000d62fd1c0,0x00000000d6300000)
  to   space 12800K, 0% used [0x00000000d6e00000,0x00000000d6e00000,0x00000000d7a80000)
 ParOldGen       total 1200640K, used 1200509K [0x0000000080000000, 0x00000000c9480000, 0x00000000d5580000)
  object space 1200640K, 99% used [0x0000000080000000,0x00000000c945f620,0x00000000c9480000)
 Metaspace       used 85412K, committed 86912K, reserved 1179648K
  class space    used 8299K, committed 9024K, reserved 1048576K
}
Event: 11700.402 GC heap after
{Heap after GC invocations=3205 (full 6):
 PSYoungGen      total 21504K, used 8967K [0x00000000d5580000, 0x00000000d7700000, 0x0000000100000000)
  eden space 12288K, 0% used [0x00000000d5580000,0x00000000d5580000,0x00000000d6180000)
  from space 9216K, 97% used [0x00000000d6e00000,0x00000000d76c1ea0,0x00000000d7700000)
  to   space 9728K, 0% used [0x00000000d6400000,0x00000000d6400000,0x00000000d6d80000)
 ParOldGen       total 1201152K, used 1201045K [0x0000000080000000, 0x00000000c9500000, 0x00000000d5580000)
  object space 1201152K, 99% used [0x0000000080000000,0x00000000c94e5630,0x00000000c9500000)
 Metaspace       used 85412K, committed 86912K, reserved 1179648K
  class space    used 8299K, committed 9024K, reserved 1048576K
}
Event: 11700.452 GC heap before
{Heap before GC invocations=3206 (full 6):
 PSYoungGen      total 21504K, used 21255K [0x00000000d5580000, 0x00000000d7700000, 0x0000000100000000)
  eden space 12288K, 99% used [0x00000000d5580000,0x00000000d617fff0,0x00000000d6180000)
  from space 9216K, 97% used [0x00000000d6e00000,0x00000000d76c1ea0,0x00000000d7700000)
  to   space 9728K, 0% used [0x00000000d6400000,0x00000000d6400000,0x00000000d6d80000)
 ParOldGen       total 1201152K, used 1201045K [0x0000000080000000, 0x00000000c9500000, 0x00000000d5580000)
  object space 1201152K, 99% used [0x0000000080000000,0x00000000c94e5630,0x00000000c9500000)
 Metaspace       used 85412K, committed 86912K, reserved 1179648K
  class space    used 8299K, committed 9024K, reserved 1048576K
}
Event: 11700.461 GC heap after
{Heap after GC invocations=3206 (full 6):
 PSYoungGen      total 22016K, used 9712K [0x00000000d5580000, 0x00000000d7580000, 0x0000000100000000)
  eden space 12288K, 0% used [0x00000000d5580000,0x00000000d5580000,0x00000000d6180000)
  from space 9728K, 99% used [0x00000000d6400000,0x00000000d6d7c3c0,0x00000000d6d80000)
  to   space 8192K, 0% used [0x00000000d6d80000,0x00000000d6d80000,0x00000000d7580000)
 ParOldGen       total 1201664K, used 1201189K [0x0000000080000000, 0x00000000c9580000, 0x00000000d5580000)
  object space 1201664K, 99% used [0x0000000080000000,0x00000000c9509630,0x00000000c9580000)
 Metaspace       used 85412K, committed 86912K, reserved 1179648K
  class space    used 8299K, committed 9024K, reserved 1048576K
}
Event: 11724.544 GC heap before
{Heap before GC invocations=3207 (full 6):
 PSYoungGen      total 22016K, used 22000K [0x00000000d5580000, 0x00000000d7580000, 0x0000000100000000)
  eden space 12288K, 100% used [0x00000000d5580000,0x00000000d6180000,0x00000000d6180000)
  from space 9728K, 99% used [0x00000000d6400000,0x00000000d6d7c3c0,0x00000000d6d80000)
  to   space 8192K, 0% used [0x00000000d6d80000,0x00000000d6d80000,0x00000000d7580000)
 ParOldGen       total 1201664K, used 1201189K [0x0000000080000000, 0x00000000c9580000, 0x00000000d5580000)
  object space 1201664K, 99% used [0x0000000080000000,0x00000000c9509630,0x00000000c9580000)
 Metaspace       used 85415K, committed 86912K, reserved 1179648K
  class space    used 8299K, committed 9024K, reserved 1048576K
}
Event: 11724.558 GC heap after
{Heap after GC invocations=3207 (full 6):
 PSYoungGen      total 19968K, used 7572K [0x00000000d5580000, 0x00000000d7500000, 0x0000000100000000)
  eden space 12288K, 0% used [0x00000000d5580000,0x00000000d5580000,0x00000000d6180000)
  from space 7680K, 98% used [0x00000000d6d80000,0x00000000d74e51c0,0x00000000d7500000)
  to   space 8704K, 0% used [0x00000000d6400000,0x00000000d6400000,0x00000000d6c80000)
 ParOldGen       total 1210368K, used 1210230K [0x0000000080000000, 0x00000000c9e00000, 0x00000000d5580000)
  object space 1210368K, 99% used [0x0000000080000000,0x00000000c9ddd810,0x00000000c9e00000)
 Metaspace       used 85415K, committed 86912K, reserved 1179648K
  class space    used 8299K, committed 9024K, reserved 1048576K
}
Event: 11724.648 GC heap before
{Heap before GC invocations=3208 (full 6):
 PSYoungGen      total 19968K, used 19860K [0x00000000d5580000, 0x00000000d7500000, 0x0000000100000000)
  eden space 12288K, 100% used [0x00000000d5580000,0x00000000d6180000,0x00000000d6180000)
  from space 7680K, 98% used [0x00000000d6d80000,0x00000000d74e51c0,0x00000000d7500000)
  to   space 8704K, 0% used [0x00000000d6400000,0x00000000d6400000,0x00000000d6c80000)
 ParOldGen       total 1210368K, used 1210230K [0x0000000080000000, 0x00000000c9e00000, 0x00000000d5580000)
  object space 1210368K, 99% used [0x0000000080000000,0x00000000c9ddd810,0x00000000c9e00000)
 Metaspace       used 85415K, committed 86912K, reserved 1179648K
  class space    used 8299K, committed 9024K, reserved 1048576K
}
Event: 11724.662 GC heap after
{Heap after GC invocations=3208 (full 6):
 PSYoungGen      total 20992K, used 8700K [0x00000000d5580000, 0x00000000d7f80000, 0x0000000100000000)
  eden space 12288K, 0% used [0x00000000d5580000,0x00000000d5580000,0x00000000d6180000)
  from space 8704K, 99% used [0x00000000d6400000,0x00000000d6c7f040,0x00000000d6c80000)
  to   space 15360K, 0% used [0x00000000d7080000,0x00000000d7080000,0x00000000d7f80000)
 ParOldGen       total 1216000K, used 1215681K [0x0000000080000000, 0x00000000ca380000, 0x00000000d5580000)
  object space 1216000K, 99% used [0x0000000080000000,0x00000000ca330530,0x00000000ca380000)
 Metaspace       used 85415K, committed 86912K, reserved 1179648K
  class space    used 8299K, committed 9024K, reserved 1048576K
}
Event: 11724.714 GC heap before
{Heap before GC invocations=3209 (full 6):
 PSYoungGen      total 20992K, used 20988K [0x00000000d5580000, 0x00000000d7f80000, 0x0000000100000000)
  eden space 12288K, 100% used [0x00000000d5580000,0x00000000d6180000,0x00000000d6180000)
  from space 8704K, 99% used [0x00000000d6400000,0x00000000d6c7f040,0x00000000d6c80000)
  to   space 15360K, 0% used [0x00000000d7080000,0x00000000d7080000,0x00000000d7f80000)
 ParOldGen       total 1216000K, used 1215681K [0x0000000080000000, 0x00000000ca380000, 0x00000000d5580000)
  object space 1216000K, 99% used [0x0000000080000000,0x00000000ca330530,0x00000000ca380000)
 Metaspace       used 85419K, committed 86912K, reserved 1179648K
  class space    used 8299K, committed 9024K, reserved 1048576K
}
Event: 11724.721 GC heap after
{Heap after GC invocations=3209 (full 6):
 PSYoungGen      total 20480K, used 8044K [0x00000000d5580000, 0x00000000d7880000, 0x0000000100000000)
  eden space 12288K, 0% used [0x00000000d5580000,0x00000000d5580000,0x00000000d6180000)
  from space 8192K, 98% used [0x00000000d7080000,0x00000000d785b2d0,0x00000000d7880000)
  to   space 10752K, 0% used [0x00000000d6380000,0x00000000d6380000,0x00000000d6e00000)
 ParOldGen       total 1216000K, used 1215825K [0x0000000080000000, 0x00000000ca380000, 0x00000000d5580000)
  object space 1216000K, 99% used [0x0000000080000000,0x00000000ca354540,0x00000000ca380000)
 Metaspace       used 85419K, committed 86912K, reserved 1179648K
  class space    used 8299K, committed 9024K, reserved 1048576K
}

