# JRE version: OpenJDK Runtime Environment Temurin-21.0.8+9 (21.0.8+9) (build 21.0.8+9-LTS)
# Java VM: OpenJDK 64-Bit Server VM Temurin-21.0.8+9 (21.0.8+9-LTS, mixed mode, sharing, tiered, compressed oops, compressed class ptrs, parallel gc, windows-amd64)
GC Precious Log:
 CardTable entry size: 512
 CPUs: 16 total, 16 available
 Memory: 15693M
 Large Page Support: Disabled
 NUMA Support: Disabled
 Compressed Oops: Enabled (32-bit)
 Alignments: Space 512K, Generation 512K, Heap 2M
 Heap Min Capacity: 100M
 Heap Initial Capacity: 100M
 Heap Max Capacity: 2G
 Pre-touch: Disabled
 Parallel Workers: 13
Heap:
 PSYoungGen      total 7168K, used 5064K [0x00000000d5580000, 0x00000000d5f00000, 0x0000000100000000)
  eden space 5632K, 68% used [0x00000000d5580000,0x00000000d594a090,0x00000000d5b00000)
  from space 1536K, 77% used [0x00000000d5d80000,0x00000000d5ea8020,0x00000000d5f00000)
  to   space 1536K, 0% used [0x00000000d5c00000,0x00000000d5c00000,0x00000000d5d80000)
 ParOldGen       total 1224704K, used 1224223K [0x0000000080000000, 0x00000000cac00000, 0x00000000d5580000)
  object space 1224704K, 99% used [0x0000000080000000,0x00000000cab87fa0,0x00000000cac00000)
 Metaspace       used 77943K, committed 79680K, reserved 1179648K
  class space    used 7722K, committed 8448K, reserved 1048576K
GC Heap History (20 events):
Event: 1449.785 GC heap before
{Heap before GC invocations=1826 (full 3):
 PSYoungGen      total 6656K, used 6624K [0x00000000d5580000, 0x00000000d5d80000, 0x0000000100000000)
  eden space 6144K, 100% used [0x00000000d5580000,0x00000000d5b80000,0x00000000d5b80000)
  from space 512K, 93% used [0x00000000d5d00000,0x00000000d5d78020,0x00000000d5d80000)
  to   space 1024K, 0% used [0x00000000d5b80000,0x00000000d5b80000,0x00000000d5c80000)
 ParOldGen       total 1218048K, used 1217648K [0x0000000080000000, 0x00000000ca580000, 0x00000000d5580000)
  object space 1218048K, 99% used [0x0000000080000000,0x00000000ca51c370,0x00000000ca580000)
 Metaspace       used 77893K, committed 79616K, reserved 1179648K
  class space    used 7721K, committed 8448K, reserved 1048576K
}
Event: 1449.791 GC heap after
{Heap after GC invocations=1826 (full 3):
 PSYoungGen      total 7168K, used 702K [0x00000000d5580000, 0x00000000d5d80000, 0x0000000100000000)
  eden space 6144K, 0% used [0x00000000d5580000,0x00000000d5580000,0x00000000d5b80000)
  from space 1024K, 68% used [0x00000000d5b80000,0x00000000d5c2f8e0,0x00000000d5c80000)
  to   space 1024K, 0% used [0x00000000d5c80000,0x00000000d5c80000,0x00000000d5d80000)
 ParOldGen       total 1218048K, used 1217976K [0x0000000080000000, 0x00000000ca580000, 0x00000000d5580000)
  object space 1218048K, 99% used [0x0000000080000000,0x00000000ca56e390,0x00000000ca580000)
 Metaspace       used 77893K, committed 79616K, reserved 1179648K
  class space    used 7721K, committed 8448K, reserved 1048576K
}
Event: 1449.801 GC heap before
{Heap before GC invocations=1827 (full 3):
 PSYoungGen      total 7168K, used 6846K [0x00000000d5580000, 0x00000000d5d80000, 0x0000000100000000)
  eden space 6144K, 100% used [0x00000000d5580000,0x00000000d5b80000,0x00000000d5b80000)
  from space 1024K, 68% used [0x00000000d5b80000,0x00000000d5c2f8e0,0x00000000d5c80000)
  to   space 1024K, 0% used [0x00000000d5c80000,0x00000000d5c80000,0x00000000d5d80000)
 ParOldGen       total 1218048K, used 1217976K [0x0000000080000000, 0x00000000ca580000, 0x00000000d5580000)
  object space 1218048K, 99% used [0x0000000080000000,0x00000000ca56e390,0x00000000ca580000)
 Metaspace       used 77893K, committed 79616K, reserved 1179648K
  class space    used 7721K, committed 8448K, reserved 1048576K
}
Event: 1449.804 GC heap after
{Heap after GC invocations=1827 (full 3):
 PSYoungGen      total 6656K, used 288K [0x00000000d5580000, 0x00000000d5d00000, 0x0000000100000000)
  eden space 6144K, 0% used [0x00000000d5580000,0x00000000d5580000,0x00000000d5b80000)
  from space 512K, 56% used [0x00000000d5c80000,0x00000000d5cc8000,0x00000000d5d00000)
  to   space 512K, 0% used [0x00000000d5c00000,0x00000000d5c00000,0x00000000d5c80000)
 ParOldGen       total 1218560K, used 1218548K [0x0000000080000000, 0x00000000ca600000, 0x00000000d5580000)
  object space 1218560K, 99% used [0x0000000080000000,0x00000000ca5fd058,0x00000000ca600000)
 Metaspace       used 77893K, committed 79616K, reserved 1179648K
  class space    used 7721K, committed 8448K, reserved 1048576K
}
Event: 1449.816 GC heap before
{Heap before GC invocations=1828 (full 3):
 PSYoungGen      total 6656K, used 6432K [0x00000000d5580000, 0x00000000d5d00000, 0x0000000100000000)
  eden space 6144K, 100% used [0x00000000d5580000,0x00000000d5b80000,0x00000000d5b80000)
  from space 512K, 56% used [0x00000000d5c80000,0x00000000d5cc8000,0x00000000d5d00000)
  to   space 512K, 0% used [0x00000000d5c00000,0x00000000d5c00000,0x00000000d5c80000)
 ParOldGen       total 1218560K, used 1218548K [0x0000000080000000, 0x00000000ca600000, 0x00000000d5580000)
  object space 1218560K, 99% used [0x0000000080000000,0x00000000ca5fd058,0x00000000ca600000)
 Metaspace       used 77893K, committed 79616K, reserved 1179648K
  class space    used 7721K, committed 8448K, reserved 1048576K
}
Event: 1449.819 GC heap after
{Heap after GC invocations=1828 (full 3):
 PSYoungGen      total 7168K, used 384K [0x00000000d5580000, 0x00000000d5e00000, 0x0000000100000000)
  eden space 6656K, 0% used [0x00000000d5580000,0x00000000d5580000,0x00000000d5c00000)
  from space 512K, 75% used [0x00000000d5c00000,0x00000000d5c60020,0x00000000d5c80000)
  to   space 512K, 0% used [0x00000000d5d80000,0x00000000d5d80000,0x00000000d5e00000)
 ParOldGen       total 1219072K, used 1218676K [0x0000000080000000, 0x00000000ca680000, 0x00000000d5580000)
  object space 1219072K, 99% used [0x0000000080000000,0x00000000ca61d058,0x00000000ca680000)
 Metaspace       used 77893K, committed 79616K, reserved 1179648K
  class space    used 7721K, committed 8448K, reserved 1048576K
}
Event: 1449.833 GC heap before
{Heap before GC invocations=1829 (full 3):
 PSYoungGen      total 7168K, used 7040K [0x00000000d5580000, 0x00000000d5e00000, 0x0000000100000000)
  eden space 6656K, 100% used [0x00000000d5580000,0x00000000d5c00000,0x00000000d5c00000)
  from space 512K, 75% used [0x00000000d5c00000,0x00000000d5c60020,0x00000000d5c80000)
  to   space 512K, 0% used [0x00000000d5d80000,0x00000000d5d80000,0x00000000d5e00000)
 ParOldGen       total 1219072K, used 1218676K [0x0000000080000000, 0x00000000ca680000, 0x00000000d5580000)
  object space 1219072K, 99% used [0x0000000080000000,0x00000000ca61d058,0x00000000ca680000)
 Metaspace       used 77893K, committed 79616K, reserved 1179648K
  class space    used 7721K, committed 8448K, reserved 1048576K
}
Event: 1449.836 GC heap after
{Heap after GC invocations=1829 (full 3):
 PSYoungGen      total 7168K, used 480K [0x00000000d5580000, 0x00000000d5e00000, 0x0000000100000000)
  eden space 6656K, 0% used [0x00000000d5580000,0x00000000d5580000,0x00000000d5c00000)
  from space 512K, 93% used [0x00000000d5d80000,0x00000000d5df8020,0x00000000d5e00000)
  to   space 1024K, 0% used [0x00000000d5c00000,0x00000000d5c00000,0x00000000d5d00000)
 ParOldGen       total 1219072K, used 1219004K [0x0000000080000000, 0x00000000ca680000, 0x00000000d5580000)
  object space 1219072K, 99% used [0x0000000080000000,0x00000000ca66f058,0x00000000ca680000)
 Metaspace       used 77893K, committed 79616K, reserved 1179648K
  class space    used 7721K, committed 8448K, reserved 1048576K
}
Event: 1449.851 GC heap before
{Heap before GC invocations=1830 (full 3):
 PSYoungGen      total 7168K, used 7136K [0x00000000d5580000, 0x00000000d5e00000, 0x0000000100000000)
  eden space 6656K, 100% used [0x00000000d5580000,0x00000000d5c00000,0x00000000d5c00000)
  from space 512K, 93% used [0x00000000d5d80000,0x00000000d5df8020,0x00000000d5e00000)
  to   space 1024K, 0% used [0x00000000d5c00000,0x00000000d5c00000,0x00000000d5d00000)
 ParOldGen       total 1219072K, used 1219004K [0x0000000080000000, 0x00000000ca680000, 0x00000000d5580000)
  object space 1219072K, 99% used [0x0000000080000000,0x00000000ca66f058,0x00000000ca680000)
 Metaspace       used 77893K, committed 79616K, reserved 1179648K
  class space    used 7721K, committed 8448K, reserved 1048576K
}
Event: 1449.857 GC heap after
{Heap after GC invocations=1830 (full 3):
 PSYoungGen      total 7680K, used 704K [0x00000000d5580000, 0x00000000d5f80000, 0x0000000100000000)
  eden space 6656K, 0% used [0x00000000d5580000,0x00000000d5580000,0x00000000d5c00000)
  from space 1024K, 68% used [0x00000000d5c00000,0x00000000d5cb0020,0x00000000d5d00000)
  to   space 1024K, 0% used [0x00000000d5e80000,0x00000000d5e80000,0x00000000d5f80000)
 ParOldGen       total 1219584K, used 1219364K [0x0000000080000000, 0x00000000ca700000, 0x00000000d5580000)
  object space 1219584K, 99% used [0x0000000080000000,0x00000000ca6c9058,0x00000000ca700000)
 Metaspace       used 77893K, committed 79616K, reserved 1179648K
  class space    used 7721K, committed 8448K, reserved 1048576K
}
Event: 1449.878 GC heap before
{Heap before GC invocations=1831 (full 3):
 PSYoungGen      total 7680K, used 7360K [0x00000000d5580000, 0x00000000d5f80000, 0x0000000100000000)
  eden space 6656K, 100% used [0x00000000d5580000,0x00000000d5c00000,0x00000000d5c00000)
  from space 1024K, 68% used [0x00000000d5c00000,0x00000000d5cb0020,0x00000000d5d00000)
  to   space 1024K, 0% used [0x00000000d5e80000,0x00000000d5e80000,0x00000000d5f80000)
 ParOldGen       total 1219584K, used 1219364K [0x0000000080000000, 0x00000000ca700000, 0x00000000d5580000)
  object space 1219584K, 99% used [0x0000000080000000,0x00000000ca6c9058,0x00000000ca700000)
 Metaspace       used 77893K, committed 79616K, reserved 1179648K
  class space    used 7721K, committed 8448K, reserved 1048576K
}
Event: 1449.883 GC heap after
{Heap after GC invocations=1831 (full 3):
 PSYoungGen      total 9216K, used 864K [0x00000000d5580000, 0x00000000d5f80000, 0x0000000100000000)
  eden space 8192K, 0% used [0x00000000d5580000,0x00000000d5580000,0x00000000d5d80000)
  from space 1024K, 84% used [0x00000000d5e80000,0x00000000d5f58020,0x00000000d5f80000)
  to   space 1024K, 0% used [0x00000000d5d80000,0x00000000d5d80000,0x00000000d5e80000)
 ParOldGen       total 1220096K, used 1219972K [0x0000000080000000, 0x00000000ca780000, 0x00000000d5580000)
  object space 1220096K, 99% used [0x0000000080000000,0x00000000ca761078,0x00000000ca780000)
 Metaspace       used 77893K, committed 79616K, reserved 1179648K
  class space    used 7721K, committed 8448K, reserved 1048576K
}
Event: 1449.902 GC heap before
{Heap before GC invocations=1832 (full 3):
 PSYoungGen      total 9216K, used 9056K [0x00000000d5580000, 0x00000000d5f80000, 0x0000000100000000)
  eden space 8192K, 100% used [0x00000000d5580000,0x00000000d5d80000,0x00000000d5d80000)
  from space 1024K, 84% used [0x00000000d5e80000,0x00000000d5f58020,0x00000000d5f80000)
  to   space 1024K, 0% used [0x00000000d5d80000,0x00000000d5d80000,0x00000000d5e80000)
 ParOldGen       total 1220096K, used 1219972K [0x0000000080000000, 0x00000000ca780000, 0x00000000d5580000)
  object space 1220096K, 99% used [0x0000000080000000,0x00000000ca761078,0x00000000ca780000)
 Metaspace       used 77893K, committed 79616K, reserved 1179648K
  class space    used 7721K, committed 8448K, reserved 1048576K
}
Event: 1449.906 GC heap after
{Heap after GC invocations=1832 (full 3):
 PSYoungGen      total 9216K, used 752K [0x00000000d5580000, 0x00000000d5f80000, 0x0000000100000000)
  eden space 8192K, 0% used [0x00000000d5580000,0x00000000d5580000,0x00000000d5d80000)
  from space 1024K, 73% used [0x00000000d5d80000,0x00000000d5e3c010,0x00000000d5e80000)
  to   space 1024K, 0% used [0x00000000d5e80000,0x00000000d5e80000,0x00000000d5f80000)
 ParOldGen       total 1220608K, used 1220606K [0x0000000080000000, 0x00000000ca800000, 0x00000000d5580000)
  object space 1220608K, 99% used [0x0000000080000000,0x00000000ca7ffa58,0x00000000ca800000)
 Metaspace       used 77893K, committed 79616K, reserved 1179648K
  class space    used 7721K, committed 8448K, reserved 1048576K
}
Event: 1450.011 GC heap before
{Heap before GC invocations=1833 (full 3):
 PSYoungGen      total 9216K, used 8944K [0x00000000d5580000, 0x00000000d5f80000, 0x0000000100000000)
  eden space 8192K, 100% used [0x00000000d5580000,0x00000000d5d80000,0x00000000d5d80000)
  from space 1024K, 73% used [0x00000000d5d80000,0x00000000d5e3c010,0x00000000d5e80000)
  to   space 1024K, 0% used [0x00000000d5e80000,0x00000000d5e80000,0x00000000d5f80000)
 ParOldGen       total 1220608K, used 1220606K [0x0000000080000000, 0x00000000ca800000, 0x00000000d5580000)
  object space 1220608K, 99% used [0x0000000080000000,0x00000000ca7ffa58,0x00000000ca800000)
 Metaspace       used 77893K, committed 79616K, reserved 1179648K
  class space    used 7721K, committed 8448K, reserved 1048576K
}
Event: 1450.017 GC heap after
{Heap after GC invocations=1833 (full 3):
 PSYoungGen      total 6656K, used 1015K [0x00000000d5580000, 0x00000000d6480000, 0x0000000100000000)
  eden space 5632K, 0% used [0x00000000d5580000,0x00000000d5580000,0x00000000d5b00000)
  from space 1024K, 99% used [0x00000000d5e80000,0x00000000d5f7dcf0,0x00000000d5f80000)
  to   space 3584K, 0% used [0x00000000d5b00000,0x00000000d5b00000,0x00000000d5e80000)
 ParOldGen       total 1223168K, used 1222759K [0x0000000080000000, 0x00000000caa80000, 0x00000000d5580000)
  object space 1223168K, 99% used [0x0000000080000000,0x00000000caa19d10,0x00000000caa80000)
 Metaspace       used 77893K, committed 79616K, reserved 1179648K
  class space    used 7721K, committed 8448K, reserved 1048576K
}
Event: 1450.043 GC heap before
{Heap before GC invocations=1834 (full 3):
 PSYoungGen      total 6656K, used 6647K [0x00000000d5580000, 0x00000000d6480000, 0x0000000100000000)
  eden space 5632K, 100% used [0x00000000d5580000,0x00000000d5b00000,0x00000000d5b00000)
  from space 1024K, 99% used [0x00000000d5e80000,0x00000000d5f7dcf0,0x00000000d5f80000)
  to   space 3584K, 0% used [0x00000000d5b00000,0x00000000d5b00000,0x00000000d5e80000)
 ParOldGen       total 1223168K, used 1222759K [0x0000000080000000, 0x00000000caa80000, 0x00000000d5580000)
  object space 1223168K, 99% used [0x0000000080000000,0x00000000caa19d10,0x00000000caa80000)
 Metaspace       used 77893K, committed 79616K, reserved 1179648K
  class space    used 7721K, committed 8448K, reserved 1048576K
}
Event: 1450.048 GC heap after
{Heap after GC invocations=1834 (full 3):
 PSYoungGen      total 6656K, used 576K [0x00000000d5580000, 0x00000000d5f00000, 0x0000000100000000)
  eden space 5632K, 0% used [0x00000000d5580000,0x00000000d5580000,0x00000000d5b00000)
  from space 1024K, 56% used [0x00000000d5b00000,0x00000000d5b90020,0x00000000d5c00000)
  to   space 1536K, 0% used [0x00000000d5d80000,0x00000000d5d80000,0x00000000d5f00000)
 ParOldGen       total 1224192K, used 1223811K [0x0000000080000000, 0x00000000cab80000, 0x00000000d5580000)
  object space 1224192K, 99% used [0x0000000080000000,0x00000000cab20c98,0x00000000cab80000)
 Metaspace       used 77893K, committed 79616K, reserved 1179648K
  class space    used 7721K, committed 8448K, reserved 1048576K
}
Event: 1450.126 GC heap before
{Heap before GC invocations=1835 (full 3):
 PSYoungGen      total 6656K, used 6208K [0x00000000d5580000, 0x00000000d5f00000, 0x0000000100000000)
  eden space 5632K, 100% used [0x00000000d5580000,0x00000000d5b00000,0x00000000d5b00000)
  from space 1024K, 56% used [0x00000000d5b00000,0x00000000d5b90020,0x00000000d5c00000)
  to   space 1536K, 0% used [0x00000000d5d80000,0x00000000d5d80000,0x00000000d5f00000)
 ParOldGen       total 1224192K, used 1223811K [0x0000000080000000, 0x00000000cab80000, 0x00000000d5580000)
  object space 1224192K, 99% used [0x0000000080000000,0x00000000cab20c98,0x00000000cab80000)
 Metaspace       used 77902K, committed 79616K, reserved 1179648K
  class space    used 7721K, committed 8448K, reserved 1048576K
}
Event: 1450.131 GC heap after
{Heap after GC invocations=1835 (full 3):
 PSYoungGen      total 7168K, used 1184K [0x00000000d5580000, 0x00000000d5f00000, 0x0000000100000000)
  eden space 5632K, 0% used [0x00000000d5580000,0x00000000d5580000,0x00000000d5b00000)
  from space 1536K, 77% used [0x00000000d5d80000,0x00000000d5ea8020,0x00000000d5f00000)
  to   space 1536K, 0% used [0x00000000d5c00000,0x00000000d5c00000,0x00000000d5d80000)
 ParOldGen       total 1224704K, used 1224223K [0x0000000080000000, 0x00000000cac00000, 0x00000000d5580000)
  object space 1224704K, 99% used [0x0000000080000000,0x00000000cab87fa0,0x00000000cac00000)
 Metaspace       used 77902K, committed 79616K, reserved 1179648K
  class space    used 7721K, committed 8448K, reserved 1048576K
}

