# JRE version: OpenJDK Runtime Environment Temurin-21.0.8+9 (21.0.8+9) (build 21.0.8+9-LTS)
# Java VM: OpenJDK 64-Bit Server VM Temurin-21.0.8+9 (21.0.8+9-LTS, mixed mode, sharing, tiered, compressed oops, compressed class ptrs, parallel gc, windows-amd64)
GC Precious Log:
 CardTable entry size: 512
 CPUs: 16 total, 16 available
 Memory: 15693M
 Large Page Support: Disabled
 NUMA Support: Disabled
 Compressed Oops: Enabled (32-bit)
 Alignments: Space 512K, Generation 512K, Heap 2M
 Heap Min Capacity: 100M
 Heap Initial Capacity: 100M
 Heap Max Capacity: 2G
 Pre-touch: Disabled
 Parallel Workers: 13
Heap:
 PSYoungGen      total 11264K, used 2026K [0x00000000d5580000, 0x00000000d6280000, 0x0000000100000000)
  eden space 9216K, 0% used [0x00000000d5580000,0x00000000d5580000,0x00000000d5e80000)
  from space 2048K, 98% used [0x00000000d6080000,0x00000000d627a928,0x00000000d6280000)
  to   space 1024K, 0% used [0x00000000d5e80000,0x00000000d5e80000,0x00000000d5f80000)
 ParOldGen       total 1120256K, used 1119865K [0x0000000080000000, 0x00000000c4600000, 0x00000000d5580000)
  object space 1120256K, 99% used [0x0000000080000000,0x00000000c459e7d8,0x00000000c4600000)
 Metaspace       used 71771K, committed 73408K, reserved 1179648K
  class space    used 7142K, committed 7872K, reserved 1048576K
GC Heap History (20 events):
Event: 38.611 GC heap after
{Heap after GC invocations=1787 (full 3):
 PSYoungGen      total 10752K, used 1120K [0x00000000d5580000, 0x00000000d6280000, 0x0000000100000000)
  eden space 9216K, 0% used [0x00000000d5580000,0x00000000d5580000,0x00000000d5e80000)
  from space 1536K, 72% used [0x00000000d6100000,0x00000000d6218000,0x00000000d6280000)
  to   space 1536K, 0% used [0x00000000d5f80000,0x00000000d5f80000,0x00000000d6100000)
 ParOldGen       total 1111040K, used 1110807K [0x0000000080000000, 0x00000000c3d00000, 0x00000000d5580000)
  object space 1111040K, 99% used [0x0000000080000000,0x00000000c3cc5f98,0x00000000c3d00000)
 Metaspace       used 71759K, committed 73408K, reserved 1179648K
  class space    used 7142K, committed 7872K, reserved 1048576K
}
Event: 38.623 GC heap before
{Heap before GC invocations=1788 (full 3):
 PSYoungGen      total 10752K, used 10336K [0x00000000d5580000, 0x00000000d6280000, 0x0000000100000000)
  eden space 9216K, 100% used [0x00000000d5580000,0x00000000d5e80000,0x00000000d5e80000)
  from space 1536K, 72% used [0x00000000d6100000,0x00000000d6218000,0x00000000d6280000)
  to   space 1536K, 0% used [0x00000000d5f80000,0x00000000d5f80000,0x00000000d6100000)
 ParOldGen       total 1111040K, used 1110807K [0x0000000080000000, 0x00000000c3d00000, 0x00000000d5580000)
  object space 1111040K, 99% used [0x0000000080000000,0x00000000c3cc5f98,0x00000000c3d00000)
 Metaspace       used 71759K, committed 73408K, reserved 1179648K
  class space    used 7142K, committed 7872K, reserved 1048576K
}
Event: 38.626 GC heap after
{Heap after GC invocations=1788 (full 3):
 PSYoungGen      total 10752K, used 1344K [0x00000000d5580000, 0x00000000d6180000, 0x0000000100000000)
  eden space 9216K, 0% used [0x00000000d5580000,0x00000000d5580000,0x00000000d5e80000)
  from space 1536K, 87% used [0x00000000d5f80000,0x00000000d60d0000,0x00000000d6100000)
  to   space 512K, 0% used [0x00000000d6100000,0x00000000d6100000,0x00000000d6180000)
 ParOldGen       total 1112064K, used 1111768K [0x0000000080000000, 0x00000000c3e00000, 0x00000000d5580000)
  object space 1112064K, 99% used [0x0000000080000000,0x00000000c3db6390,0x00000000c3e00000)
 Metaspace       used 71759K, committed 73408K, reserved 1179648K
  class space    used 7142K, committed 7872K, reserved 1048576K
}
Event: 38.634 GC heap before
{Heap before GC invocations=1789 (full 3):
 PSYoungGen      total 10752K, used 10560K [0x00000000d5580000, 0x00000000d6180000, 0x0000000100000000)
  eden space 9216K, 100% used [0x00000000d5580000,0x00000000d5e80000,0x00000000d5e80000)
  from space 1536K, 87% used [0x00000000d5f80000,0x00000000d60d0000,0x00000000d6100000)
  to   space 512K, 0% used [0x00000000d6100000,0x00000000d6100000,0x00000000d6180000)
 ParOldGen       total 1112064K, used 1111768K [0x0000000080000000, 0x00000000c3e00000, 0x00000000d5580000)
  object space 1112064K, 99% used [0x0000000080000000,0x00000000c3db6390,0x00000000c3e00000)
 Metaspace       used 71759K, committed 73408K, reserved 1179648K
  class space    used 7142K, committed 7872K, reserved 1048576K
}
Event: 38.637 GC heap after
{Heap after GC invocations=1789 (full 3):
 PSYoungGen      total 9728K, used 510K [0x00000000d5580000, 0x00000000d6280000, 0x0000000100000000)
  eden space 9216K, 0% used [0x00000000d5580000,0x00000000d5580000,0x00000000d5e80000)
  from space 512K, 99% used [0x00000000d6100000,0x00000000d617f8e0,0x00000000d6180000)
  to   space 2048K, 0% used [0x00000000d5e80000,0x00000000d5e80000,0x00000000d6080000)
 ParOldGen       total 1113088K, used 1112962K [0x0000000080000000, 0x00000000c3f00000, 0x00000000d5580000)
  object space 1113088K, 99% used [0x0000000080000000,0x00000000c3ee0930,0x00000000c3f00000)
 Metaspace       used 71759K, committed 73408K, reserved 1179648K
  class space    used 7142K, committed 7872K, reserved 1048576K
}
Event: 38.644 GC heap before
{Heap before GC invocations=1790 (full 3):
 PSYoungGen      total 9728K, used 9726K [0x00000000d5580000, 0x00000000d6280000, 0x0000000100000000)
  eden space 9216K, 100% used [0x00000000d5580000,0x00000000d5e80000,0x00000000d5e80000)
  from space 512K, 99% used [0x00000000d6100000,0x00000000d617f8e0,0x00000000d6180000)
  to   space 2048K, 0% used [0x00000000d5e80000,0x00000000d5e80000,0x00000000d6080000)
 ParOldGen       total 1113088K, used 1112962K [0x0000000080000000, 0x00000000c3f00000, 0x00000000d5580000)
  object space 1113088K, 99% used [0x0000000080000000,0x00000000c3ee0930,0x00000000c3f00000)
 Metaspace       used 71759K, committed 73408K, reserved 1179648K
  class space    used 7142K, committed 7872K, reserved 1048576K
}
Event: 38.646 GC heap after
{Heap after GC invocations=1790 (full 3):
 PSYoungGen      total 10240K, used 704K [0x00000000d5580000, 0x00000000d6180000, 0x0000000100000000)
  eden space 9216K, 0% used [0x00000000d5580000,0x00000000d5580000,0x00000000d5e80000)
  from space 1024K, 68% used [0x00000000d5e80000,0x00000000d5f30020,0x00000000d5f80000)
  to   space 1536K, 0% used [0x00000000d6000000,0x00000000d6000000,0x00000000d6180000)
 ParOldGen       total 1113600K, used 1113390K [0x0000000080000000, 0x00000000c3f80000, 0x00000000d5580000)
  object space 1113600K, 99% used [0x0000000080000000,0x00000000c3f4bad0,0x00000000c3f80000)
 Metaspace       used 71759K, committed 73408K, reserved 1179648K
  class space    used 7142K, committed 7872K, reserved 1048576K
}
Event: 38.659 GC heap before
{Heap before GC invocations=1791 (full 3):
 PSYoungGen      total 10240K, used 9920K [0x00000000d5580000, 0x00000000d6180000, 0x0000000100000000)
  eden space 9216K, 100% used [0x00000000d5580000,0x00000000d5e80000,0x00000000d5e80000)
  from space 1024K, 68% used [0x00000000d5e80000,0x00000000d5f30020,0x00000000d5f80000)
  to   space 1536K, 0% used [0x00000000d6000000,0x00000000d6000000,0x00000000d6180000)
 ParOldGen       total 1113600K, used 1113390K [0x0000000080000000, 0x00000000c3f80000, 0x00000000d5580000)
  object space 1113600K, 99% used [0x0000000080000000,0x00000000c3f4bad0,0x00000000c3f80000)
 Metaspace       used 71759K, committed 73408K, reserved 1179648K
  class space    used 7142K, committed 7872K, reserved 1048576K
}
Event: 38.662 GC heap after
{Heap after GC invocations=1791 (full 3):
 PSYoungGen      total 10752K, used 1248K [0x00000000d5580000, 0x00000000d6180000, 0x0000000100000000)
  eden space 9216K, 0% used [0x00000000d5580000,0x00000000d5580000,0x00000000d5e80000)
  from space 1536K, 81% used [0x00000000d6000000,0x00000000d6138020,0x00000000d6180000)
  to   space 1536K, 0% used [0x00000000d5e80000,0x00000000d5e80000,0x00000000d6000000)
 ParOldGen       total 1114112K, used 1113830K [0x0000000080000000, 0x00000000c4000000, 0x00000000d5580000)
  object space 1114112K, 99% used [0x0000000080000000,0x00000000c3fb9ad0,0x00000000c4000000)
 Metaspace       used 71759K, committed 73408K, reserved 1179648K
  class space    used 7142K, committed 7872K, reserved 1048576K
}
Event: 38.702 GC heap before
{Heap before GC invocations=1792 (full 3):
 PSYoungGen      total 10752K, used 10464K [0x00000000d5580000, 0x00000000d6180000, 0x0000000100000000)
  eden space 9216K, 100% used [0x00000000d5580000,0x00000000d5e80000,0x00000000d5e80000)
  from space 1536K, 81% used [0x00000000d6000000,0x00000000d6138020,0x00000000d6180000)
  to   space 1536K, 0% used [0x00000000d5e80000,0x00000000d5e80000,0x00000000d6000000)
 ParOldGen       total 1114112K, used 1113830K [0x0000000080000000, 0x00000000c4000000, 0x00000000d5580000)
  object space 1114112K, 99% used [0x0000000080000000,0x00000000c3fb9ad0,0x00000000c4000000)
 Metaspace       used 71760K, committed 73408K, reserved 1179648K
  class space    used 7142K, committed 7872K, reserved 1048576K
}
Event: 38.705 GC heap after
{Heap after GC invocations=1792 (full 3):
 PSYoungGen      total 10752K, used 1312K [0x00000000d5580000, 0x00000000d6180000, 0x0000000100000000)
  eden space 9216K, 0% used [0x00000000d5580000,0x00000000d5580000,0x00000000d5e80000)
  from space 1536K, 85% used [0x00000000d5e80000,0x00000000d5fc8000,0x00000000d6000000)
  to   space 1536K, 0% used [0x00000000d6000000,0x00000000d6000000,0x00000000d6180000)
 ParOldGen       total 1115136K, used 1114858K [0x0000000080000000, 0x00000000c4100000, 0x00000000d5580000)
  object space 1115136K, 99% used [0x0000000080000000,0x00000000c40bab60,0x00000000c4100000)
 Metaspace       used 71760K, committed 73408K, reserved 1179648K
  class space    used 7142K, committed 7872K, reserved 1048576K
}
Event: 38.720 GC heap before
{Heap before GC invocations=1793 (full 3):
 PSYoungGen      total 10752K, used 10528K [0x00000000d5580000, 0x00000000d6180000, 0x0000000100000000)
  eden space 9216K, 100% used [0x00000000d5580000,0x00000000d5e80000,0x00000000d5e80000)
  from space 1536K, 85% used [0x00000000d5e80000,0x00000000d5fc8000,0x00000000d6000000)
  to   space 1536K, 0% used [0x00000000d6000000,0x00000000d6000000,0x00000000d6180000)
 ParOldGen       total 1115136K, used 1114858K [0x0000000080000000, 0x00000000c4100000, 0x00000000d5580000)
  object space 1115136K, 99% used [0x0000000080000000,0x00000000c40bab60,0x00000000c4100000)
 Metaspace       used 71760K, committed 73408K, reserved 1179648K
  class space    used 7142K, committed 7872K, reserved 1048576K
}
Event: 38.723 GC heap after
{Heap after GC invocations=1793 (full 3):
 PSYoungGen      total 10752K, used 1328K [0x00000000d5580000, 0x00000000d6180000, 0x0000000100000000)
  eden space 9216K, 0% used [0x00000000d5580000,0x00000000d5580000,0x00000000d5e80000)
  from space 1536K, 86% used [0x00000000d6000000,0x00000000d614c030,0x00000000d6180000)
  to   space 1536K, 0% used [0x00000000d5e80000,0x00000000d5e80000,0x00000000d6000000)
 ParOldGen       total 1116160K, used 1115997K [0x0000000080000000, 0x00000000c4200000, 0x00000000d5580000)
  object space 1116160K, 99% used [0x0000000080000000,0x00000000c41d76f8,0x00000000c4200000)
 Metaspace       used 71760K, committed 73408K, reserved 1179648K
  class space    used 7142K, committed 7872K, reserved 1048576K
}
Event: 38.730 GC heap before
{Heap before GC invocations=1794 (full 3):
 PSYoungGen      total 10752K, used 10544K [0x00000000d5580000, 0x00000000d6180000, 0x0000000100000000)
  eden space 9216K, 100% used [0x00000000d5580000,0x00000000d5e80000,0x00000000d5e80000)
  from space 1536K, 86% used [0x00000000d6000000,0x00000000d614c030,0x00000000d6180000)
  to   space 1536K, 0% used [0x00000000d5e80000,0x00000000d5e80000,0x00000000d6000000)
 ParOldGen       total 1116160K, used 1115997K [0x0000000080000000, 0x00000000c4200000, 0x00000000d5580000)
  object space 1116160K, 99% used [0x0000000080000000,0x00000000c41d76f8,0x00000000c4200000)
 Metaspace       used 71760K, committed 73408K, reserved 1179648K
  class space    used 7142K, committed 7872K, reserved 1048576K
}
Event: 38.732 GC heap after
{Heap after GC invocations=1794 (full 3):
 PSYoungGen      total 9728K, used 368K [0x00000000d5580000, 0x00000000d6080000, 0x0000000100000000)
  eden space 9216K, 0% used [0x00000000d5580000,0x00000000d5580000,0x00000000d5e80000)
  from space 512K, 71% used [0x00000000d5e80000,0x00000000d5edc010,0x00000000d5f00000)
  to   space 1024K, 0% used [0x00000000d5f80000,0x00000000d5f80000,0x00000000d6080000)
 ParOldGen       total 1117696K, used 1117229K [0x0000000080000000, 0x00000000c4380000, 0x00000000d5580000)
  object space 1117696K, 99% used [0x0000000080000000,0x00000000c430b670,0x00000000c4380000)
 Metaspace       used 71760K, committed 73408K, reserved 1179648K
  class space    used 7142K, committed 7872K, reserved 1048576K
}
Event: 38.740 GC heap before
{Heap before GC invocations=1795 (full 3):
 PSYoungGen      total 9728K, used 9584K [0x00000000d5580000, 0x00000000d6080000, 0x0000000100000000)
  eden space 9216K, 100% used [0x00000000d5580000,0x00000000d5e80000,0x00000000d5e80000)
  from space 512K, 71% used [0x00000000d5e80000,0x00000000d5edc010,0x00000000d5f00000)
  to   space 1024K, 0% used [0x00000000d5f80000,0x00000000d5f80000,0x00000000d6080000)
 ParOldGen       total 1117696K, used 1117229K [0x0000000080000000, 0x00000000c4380000, 0x00000000d5580000)
  object space 1117696K, 99% used [0x0000000080000000,0x00000000c430b670,0x00000000c4380000)
 Metaspace       used 71760K, committed 73408K, reserved 1179648K
  class space    used 7142K, committed 7872K, reserved 1048576K
}
Event: 38.742 GC heap after
{Heap after GC invocations=1795 (full 3):
 PSYoungGen      total 10240K, used 768K [0x00000000d5580000, 0x00000000d6080000, 0x0000000100000000)
  eden space 9216K, 0% used [0x00000000d5580000,0x00000000d5580000,0x00000000d5e80000)
  from space 1024K, 75% used [0x00000000d5f80000,0x00000000d6040020,0x00000000d6080000)
  to   space 1024K, 0% used [0x00000000d5e80000,0x00000000d5e80000,0x00000000d5f80000)
 ParOldGen       total 1117696K, used 1117429K [0x0000000080000000, 0x00000000c4380000, 0x00000000d5580000)
  object space 1117696K, 99% used [0x0000000080000000,0x00000000c433d670,0x00000000c4380000)
 Metaspace       used 71760K, committed 73408K, reserved 1179648K
  class space    used 7142K, committed 7872K, reserved 1048576K
}
Event: 38.761 GC heap before
{Heap before GC invocations=1796 (full 3):
 PSYoungGen      total 10240K, used 9984K [0x00000000d5580000, 0x00000000d6080000, 0x0000000100000000)
  eden space 9216K, 100% used [0x00000000d5580000,0x00000000d5e80000,0x00000000d5e80000)
  from space 1024K, 75% used [0x00000000d5f80000,0x00000000d6040020,0x00000000d6080000)
  to   space 1024K, 0% used [0x00000000d5e80000,0x00000000d5e80000,0x00000000d5f80000)
 ParOldGen       total 1117696K, used 1117429K [0x0000000080000000, 0x00000000c4380000, 0x00000000d5580000)
  object space 1117696K, 99% used [0x0000000080000000,0x00000000c433d670,0x00000000c4380000)
 Metaspace       used 71771K, committed 73408K, reserved 1179648K
  class space    used 7142K, committed 7872K, reserved 1048576K
}
Event: 38.763 GC heap after
{Heap after GC invocations=1796 (full 3):
 PSYoungGen      total 10240K, used 992K [0x00000000d5580000, 0x00000000d6280000, 0x0000000100000000)
  eden space 9216K, 0% used [0x00000000d5580000,0x00000000d5580000,0x00000000d5e80000)
  from space 1024K, 96% used [0x00000000d5e80000,0x00000000d5f78010,0x00000000d5f80000)
  to   space 2048K, 0% used [0x00000000d6080000,0x00000000d6080000,0x00000000d6280000)
 ParOldGen       total 1118720K, used 1118237K [0x0000000080000000, 0x00000000c4480000, 0x00000000d5580000)
  object space 1118720K, 99% used [0x0000000080000000,0x00000000c4407680,0x00000000c4480000)
 Metaspace       used 71771K, committed 73408K, reserved 1179648K
  class space    used 7142K, committed 7872K, reserved 1048576K
}
Event: 38.811 GC heap before
{Heap before GC invocations=1797 (full 3):
 PSYoungGen      total 10240K, used 10208K [0x00000000d5580000, 0x00000000d6280000, 0x0000000100000000)
  eden space 9216K, 100% used [0x00000000d5580000,0x00000000d5e80000,0x00000000d5e80000)
  from space 1024K, 96% used [0x00000000d5e80000,0x00000000d5f78010,0x00000000d5f80000)
  to   space 2048K, 0% used [0x00000000d6080000,0x00000000d6080000,0x00000000d6280000)
 ParOldGen       total 1118720K, used 1118237K [0x0000000080000000, 0x00000000c4480000, 0x00000000d5580000)
  object space 1118720K, 99% used [0x0000000080000000,0x00000000c4407680,0x00000000c4480000)
 Metaspace       used 71771K, committed 73408K, reserved 1179648K
  class space    used 7142K, committed 7872K, reserved 1048576K
}

