# JRE version: OpenJDK Runtime Environment Temurin-21.0.8+9 (21.0.8+9) (build 21.0.8+9-LTS)
# Java VM: OpenJDK 64-Bit Server VM Temurin-21.0.8+9 (21.0.8+9-LTS, mixed mode, sharing, tiered, compressed oops, compressed class ptrs, parallel gc, windows-amd64)
GC Precious Log:
 CardTable entry size: 512
 CPUs: 16 total, 16 available
 Memory: 15693M
 Large Page Support: Disabled
 NUMA Support: Disabled
 Compressed Oops: Enabled (32-bit)
 Alignments: Space 512K, Generation 512K, Heap 2M
 Heap Min Capacity: 100M
 Heap Initial Capacity: 100M
 Heap Max Capacity: 2G
 Pre-touch: Disabled
 Parallel Workers: 13
Heap:
 PSYoungGen      total 16384K, used 16000K [0x00000000d5580000, 0x00000000d6800000, 0x0000000100000000)
  eden space 14336K, 100% used [0x00000000d5580000,0x00000000d6380000,0x00000000d6380000)
  from space 2048K, 81% used [0x00000000d6600000,0x00000000d67a0020,0x00000000d6800000)
  to   space 2048K, 31% used [0x00000000d6400000,0x00000000d64a0020,0x00000000d6600000)
 ParOldGen       total 1219584K, used 1219576K [0x0000000080000000, 0x00000000ca700000, 0x00000000d5580000)
  object space 1219584K, 99% used [0x0000000080000000,0x00000000ca6fe370,0x00000000ca700000)
 Metaspace       used 71752K, committed 73408K, reserved 1179648K
  class space    used 7149K, committed 7936K, reserved 1048576K
GC Heap History (20 events):
Event: 40.422 GC heap after
{Heap after GC invocations=1862 (full 3):
 PSYoungGen      total 9728K, used 1388K [0x00000000d5580000, 0x00000000d6080000, 0x0000000100000000)
  eden space 8192K, 0% used [0x00000000d5580000,0x00000000d5580000,0x00000000d5d80000)
  from space 1536K, 90% used [0x00000000d5d80000,0x00000000d5edb070,0x00000000d5f00000)
  to   space 1536K, 0% used [0x00000000d5f00000,0x00000000d5f00000,0x00000000d6080000)
 ParOldGen       total 1208320K, used 1207888K [0x0000000080000000, 0x00000000c9c00000, 0x00000000d5580000)
  object space 1208320K, 99% used [0x0000000080000000,0x00000000c9b94390,0x00000000c9c00000)
 Metaspace       used 71711K, committed 73408K, reserved 1179648K
  class space    used 7149K, committed 7936K, reserved 1048576K
}
Event: 40.431 GC heap before
{Heap before GC invocations=1863 (full 3):
 PSYoungGen      total 9728K, used 9580K [0x00000000d5580000, 0x00000000d6080000, 0x0000000100000000)
  eden space 8192K, 100% used [0x00000000d5580000,0x00000000d5d80000,0x00000000d5d80000)
  from space 1536K, 90% used [0x00000000d5d80000,0x00000000d5edb070,0x00000000d5f00000)
  to   space 1536K, 0% used [0x00000000d5f00000,0x00000000d5f00000,0x00000000d6080000)
 ParOldGen       total 1208320K, used 1207888K [0x0000000080000000, 0x00000000c9c00000, 0x00000000d5580000)
  object space 1208320K, 99% used [0x0000000080000000,0x00000000c9b94390,0x00000000c9c00000)
 Metaspace       used 71711K, committed 73408K, reserved 1179648K
  class space    used 7149K, committed 7936K, reserved 1048576K
}
Event: 40.434 GC heap after
{Heap after GC invocations=1863 (full 3):
 PSYoungGen      total 9728K, used 926K [0x00000000d5580000, 0x00000000d6080000, 0x0000000100000000)
  eden space 8192K, 0% used [0x00000000d5580000,0x00000000d5580000,0x00000000d5d80000)
  from space 1536K, 60% used [0x00000000d5f00000,0x00000000d5fe78e0,0x00000000d6080000)
  to   space 1536K, 0% used [0x00000000d5d80000,0x00000000d5d80000,0x00000000d5f00000)
 ParOldGen       total 1209344K, used 1209262K [0x0000000080000000, 0x00000000c9d00000, 0x00000000d5580000)
  object space 1209344K, 99% used [0x0000000080000000,0x00000000c9cebab0,0x00000000c9d00000)
 Metaspace       used 71711K, committed 73408K, reserved 1179648K
  class space    used 7149K, committed 7936K, reserved 1048576K
}
Event: 40.440 GC heap before
{Heap before GC invocations=1864 (full 3):
 PSYoungGen      total 9728K, used 9118K [0x00000000d5580000, 0x00000000d6080000, 0x0000000100000000)
  eden space 8192K, 100% used [0x00000000d5580000,0x00000000d5d80000,0x00000000d5d80000)
  from space 1536K, 60% used [0x00000000d5f00000,0x00000000d5fe78e0,0x00000000d6080000)
  to   space 1536K, 0% used [0x00000000d5d80000,0x00000000d5d80000,0x00000000d5f00000)
 ParOldGen       total 1209344K, used 1209262K [0x0000000080000000, 0x00000000c9d00000, 0x00000000d5580000)
  object space 1209344K, 99% used [0x0000000080000000,0x00000000c9cebab0,0x00000000c9d00000)
 Metaspace       used 71711K, committed 73408K, reserved 1179648K
  class space    used 7149K, committed 7936K, reserved 1048576K
}
Event: 40.443 GC heap after
{Heap after GC invocations=1864 (full 3):
 PSYoungGen      total 9728K, used 512K [0x00000000d5580000, 0x00000000d6180000, 0x0000000100000000)
  eden space 8192K, 0% used [0x00000000d5580000,0x00000000d5580000,0x00000000d5d80000)
  from space 1536K, 33% used [0x00000000d5d80000,0x00000000d5e00020,0x00000000d5f00000)
  to   space 1024K, 0% used [0x00000000d6080000,0x00000000d6080000,0x00000000d6180000)
 ParOldGen       total 1210368K, used 1210057K [0x0000000080000000, 0x00000000c9e00000, 0x00000000d5580000)
  object space 1210368K, 99% used [0x0000000080000000,0x00000000c9db2500,0x00000000c9e00000)
 Metaspace       used 71711K, committed 73408K, reserved 1179648K
  class space    used 7149K, committed 7936K, reserved 1048576K
}
Event: 40.450 GC heap before
{Heap before GC invocations=1865 (full 3):
 PSYoungGen      total 9728K, used 8704K [0x00000000d5580000, 0x00000000d6180000, 0x0000000100000000)
  eden space 8192K, 100% used [0x00000000d5580000,0x00000000d5d80000,0x00000000d5d80000)
  from space 1536K, 33% used [0x00000000d5d80000,0x00000000d5e00020,0x00000000d5f00000)
  to   space 1024K, 0% used [0x00000000d6080000,0x00000000d6080000,0x00000000d6180000)
 ParOldGen       total 1210368K, used 1210057K [0x0000000080000000, 0x00000000c9e00000, 0x00000000d5580000)
  object space 1210368K, 99% used [0x0000000080000000,0x00000000c9db2500,0x00000000c9e00000)
 Metaspace       used 71711K, committed 73408K, reserved 1179648K
  class space    used 7149K, committed 7936K, reserved 1048576K
}
Event: 40.452 GC heap after
{Heap after GC invocations=1865 (full 3):
 PSYoungGen      total 10752K, used 992K [0x00000000d5580000, 0x00000000d6280000, 0x0000000100000000)
  eden space 9728K, 0% used [0x00000000d5580000,0x00000000d5580000,0x00000000d5f00000)
  from space 1024K, 96% used [0x00000000d6080000,0x00000000d6178020,0x00000000d6180000)
  to   space 1536K, 0% used [0x00000000d5f00000,0x00000000d5f00000,0x00000000d6080000)
 ParOldGen       total 1210880K, used 1210377K [0x0000000080000000, 0x00000000c9e80000, 0x00000000d5580000)
  object space 1210880K, 99% used [0x0000000080000000,0x00000000c9e02500,0x00000000c9e80000)
 Metaspace       used 71711K, committed 73408K, reserved 1179648K
  class space    used 7149K, committed 7936K, reserved 1048576K
}
Event: 40.462 GC heap before
{Heap before GC invocations=1866 (full 3):
 PSYoungGen      total 10752K, used 10720K [0x00000000d5580000, 0x00000000d6280000, 0x0000000100000000)
  eden space 9728K, 100% used [0x00000000d5580000,0x00000000d5f00000,0x00000000d5f00000)
  from space 1024K, 96% used [0x00000000d6080000,0x00000000d6178020,0x00000000d6180000)
  to   space 1536K, 0% used [0x00000000d5f00000,0x00000000d5f00000,0x00000000d6080000)
 ParOldGen       total 1210880K, used 1210377K [0x0000000080000000, 0x00000000c9e80000, 0x00000000d5580000)
  object space 1210880K, 99% used [0x0000000080000000,0x00000000c9e02500,0x00000000c9e80000)
 Metaspace       used 71711K, committed 73408K, reserved 1179648K
  class space    used 7149K, committed 7936K, reserved 1048576K
}
Event: 40.465 GC heap after
{Heap after GC invocations=1866 (full 3):
 PSYoungGen      total 11264K, used 705K [0x00000000d5580000, 0x00000000d6300000, 0x0000000100000000)
  eden space 9728K, 0% used [0x00000000d5580000,0x00000000d5580000,0x00000000d5f00000)
  from space 1536K, 45% used [0x00000000d5f00000,0x00000000d5fb0508,0x00000000d6080000)
  to   space 1024K, 0% used [0x00000000d6200000,0x00000000d6200000,0x00000000d6300000)
 ParOldGen       total 1211392K, used 1211265K [0x0000000080000000, 0x00000000c9f00000, 0x00000000d5580000)
  object space 1211392K, 99% used [0x0000000080000000,0x00000000c9ee0520,0x00000000c9f00000)
 Metaspace       used 71711K, committed 73408K, reserved 1179648K
  class space    used 7149K, committed 7936K, reserved 1048576K
}
Event: 40.473 GC heap before
{Heap before GC invocations=1867 (full 3):
 PSYoungGen      total 11264K, used 10433K [0x00000000d5580000, 0x00000000d6300000, 0x0000000100000000)
  eden space 9728K, 100% used [0x00000000d5580000,0x00000000d5f00000,0x00000000d5f00000)
  from space 1536K, 45% used [0x00000000d5f00000,0x00000000d5fb0508,0x00000000d6080000)
  to   space 1024K, 0% used [0x00000000d6200000,0x00000000d6200000,0x00000000d6300000)
 ParOldGen       total 1211392K, used 1211265K [0x0000000080000000, 0x00000000c9f00000, 0x00000000d5580000)
  object space 1211392K, 99% used [0x0000000080000000,0x00000000c9ee0520,0x00000000c9f00000)
 Metaspace       used 71711K, committed 73408K, reserved 1179648K
  class space    used 7149K, committed 7936K, reserved 1048576K
}
Event: 40.476 GC heap after
{Heap after GC invocations=1867 (full 3):
 PSYoungGen      total 12800K, used 928K [0x00000000d5580000, 0x00000000d6300000, 0x0000000100000000)
  eden space 11776K, 0% used [0x00000000d5580000,0x00000000d5580000,0x00000000d6100000)
  from space 1024K, 90% used [0x00000000d6200000,0x00000000d62e8020,0x00000000d6300000)
  to   space 1024K, 0% used [0x00000000d6100000,0x00000000d6100000,0x00000000d6200000)
 ParOldGen       total 1211904K, used 1211770K [0x0000000080000000, 0x00000000c9f80000, 0x00000000d5580000)
  object space 1211904K, 99% used [0x0000000080000000,0x00000000c9f5ea28,0x00000000c9f80000)
 Metaspace       used 71711K, committed 73408K, reserved 1179648K
  class space    used 7149K, committed 7936K, reserved 1048576K
}
Event: 40.532 GC heap before
{Heap before GC invocations=1868 (full 3):
 PSYoungGen      total 12800K, used 12683K [0x00000000d5580000, 0x00000000d6300000, 0x0000000100000000)
  eden space 11776K, 99% used [0x00000000d5580000,0x00000000d60fabf0,0x00000000d6100000)
  from space 1024K, 90% used [0x00000000d6200000,0x00000000d62e8020,0x00000000d6300000)
  to   space 1024K, 0% used [0x00000000d6100000,0x00000000d6100000,0x00000000d6200000)
 ParOldGen       total 1211904K, used 1211770K [0x0000000080000000, 0x00000000c9f80000, 0x00000000d5580000)
  object space 1211904K, 99% used [0x0000000080000000,0x00000000c9f5ea28,0x00000000c9f80000)
 Metaspace       used 71712K, committed 73408K, reserved 1179648K
  class space    used 7149K, committed 7936K, reserved 1048576K
}
Event: 40.535 GC heap after
{Heap after GC invocations=1868 (full 3):
 PSYoungGen      total 12800K, used 1024K [0x00000000d5580000, 0x00000000d6600000, 0x0000000100000000)
  eden space 11776K, 0% used [0x00000000d5580000,0x00000000d5580000,0x00000000d6100000)
  from space 1024K, 100% used [0x00000000d6100000,0x00000000d6200000,0x00000000d6200000)
  to   space 2560K, 0% used [0x00000000d6380000,0x00000000d6380000,0x00000000d6600000)
 ParOldGen       total 1213440K, used 1212998K [0x0000000080000000, 0x00000000ca100000, 0x00000000d5580000)
  object space 1213440K, 99% used [0x0000000080000000,0x00000000ca091a58,0x00000000ca100000)
 Metaspace       used 71712K, committed 73408K, reserved 1179648K
  class space    used 7149K, committed 7936K, reserved 1048576K
}
Event: 40.564 GC heap before
{Heap before GC invocations=1869 (full 3):
 PSYoungGen      total 12800K, used 12800K [0x00000000d5580000, 0x00000000d6600000, 0x0000000100000000)
  eden space 11776K, 100% used [0x00000000d5580000,0x00000000d6100000,0x00000000d6100000)
  from space 1024K, 100% used [0x00000000d6100000,0x00000000d6200000,0x00000000d6200000)
  to   space 2560K, 0% used [0x00000000d6380000,0x00000000d6380000,0x00000000d6600000)
 ParOldGen       total 1213440K, used 1212998K [0x0000000080000000, 0x00000000ca100000, 0x00000000d5580000)
  object space 1213440K, 99% used [0x0000000080000000,0x00000000ca091a58,0x00000000ca100000)
 Metaspace       used 71714K, committed 73408K, reserved 1179648K
  class space    used 7149K, committed 7936K, reserved 1048576K
}
Event: 40.567 GC heap after
{Heap after GC invocations=1869 (full 3):
 PSYoungGen      total 13312K, used 1488K [0x00000000d5580000, 0x00000000d6500000, 0x0000000100000000)
  eden space 11776K, 0% used [0x00000000d5580000,0x00000000d5580000,0x00000000d6100000)
  from space 1536K, 96% used [0x00000000d6380000,0x00000000d64f4010,0x00000000d6500000)
  to   space 2048K, 0% used [0x00000000d6100000,0x00000000d6100000,0x00000000d6300000)
 ParOldGen       total 1214464K, used 1214033K [0x0000000080000000, 0x00000000ca200000, 0x00000000d5580000)
  object space 1214464K, 99% used [0x0000000080000000,0x00000000ca1946f0,0x00000000ca200000)
 Metaspace       used 71714K, committed 73408K, reserved 1179648K
  class space    used 7149K, committed 7936K, reserved 1048576K
}
Event: 40.579 GC heap before
{Heap before GC invocations=1870 (full 3):
 PSYoungGen      total 13312K, used 13264K [0x00000000d5580000, 0x00000000d6500000, 0x0000000100000000)
  eden space 11776K, 100% used [0x00000000d5580000,0x00000000d6100000,0x00000000d6100000)
  from space 1536K, 96% used [0x00000000d6380000,0x00000000d64f4010,0x00000000d6500000)
  to   space 2048K, 0% used [0x00000000d6100000,0x00000000d6100000,0x00000000d6300000)
 ParOldGen       total 1214464K, used 1214033K [0x0000000080000000, 0x00000000ca200000, 0x00000000d5580000)
  object space 1214464K, 99% used [0x0000000080000000,0x00000000ca1946f0,0x00000000ca200000)
 Metaspace       used 71714K, committed 73408K, reserved 1179648K
  class space    used 7149K, committed 7936K, reserved 1048576K
}
Event: 40.582 GC heap after
{Heap after GC invocations=1870 (full 3):
 PSYoungGen      total 12800K, used 816K [0x00000000d5580000, 0x00000000d6400000, 0x0000000100000000)
  eden space 11776K, 0% used [0x00000000d5580000,0x00000000d5580000,0x00000000d6100000)
  from space 1024K, 79% used [0x00000000d6100000,0x00000000d61cc010,0x00000000d6200000)
  to   space 1536K, 0% used [0x00000000d6280000,0x00000000d6280000,0x00000000d6400000)
 ParOldGen       total 1215488K, used 1215456K [0x0000000080000000, 0x00000000ca300000, 0x00000000d5580000)
  object space 1215488K, 99% used [0x0000000080000000,0x00000000ca2f82f8,0x00000000ca300000)
 Metaspace       used 71714K, committed 73408K, reserved 1179648K
  class space    used 7149K, committed 7936K, reserved 1048576K
}
Event: 40.593 GC heap before
{Heap before GC invocations=1871 (full 3):
 PSYoungGen      total 12800K, used 12592K [0x00000000d5580000, 0x00000000d6400000, 0x0000000100000000)
  eden space 11776K, 100% used [0x00000000d5580000,0x00000000d6100000,0x00000000d6100000)
  from space 1024K, 79% used [0x00000000d6100000,0x00000000d61cc010,0x00000000d6200000)
  to   space 1536K, 0% used [0x00000000d6280000,0x00000000d6280000,0x00000000d6400000)
 ParOldGen       total 1215488K, used 1215456K [0x0000000080000000, 0x00000000ca300000, 0x00000000d5580000)
  object space 1215488K, 99% used [0x0000000080000000,0x00000000ca2f82f8,0x00000000ca300000)
 Metaspace       used 71714K, committed 73408K, reserved 1179648K
  class space    used 7149K, committed 7936K, reserved 1048576K
}
Event: 40.596 GC heap after
{Heap after GC invocations=1871 (full 3):
 PSYoungGen      total 13312K, used 1056K [0x00000000d5580000, 0x00000000d6400000, 0x0000000100000000)
  eden space 11776K, 0% used [0x00000000d5580000,0x00000000d5580000,0x00000000d6100000)
  from space 1536K, 68% used [0x00000000d6280000,0x00000000d6388020,0x00000000d6400000)
  to   space 1536K, 0% used [0x00000000d6100000,0x00000000d6100000,0x00000000d6280000)
 ParOldGen       total 1216512K, used 1216029K [0x0000000080000000, 0x00000000ca400000, 0x00000000d5580000)
  object space 1216512K, 99% used [0x0000000080000000,0x00000000ca387498,0x00000000ca400000)
 Metaspace       used 71714K, committed 73408K, reserved 1179648K
  class space    used 7149K, committed 7936K, reserved 1048576K
}
Event: 40.628 GC heap before
{Heap before GC invocations=1872 (full 3):
 PSYoungGen      total 13312K, used 12832K [0x00000000d5580000, 0x00000000d6400000, 0x0000000100000000)
  eden space 11776K, 100% used [0x00000000d5580000,0x00000000d6100000,0x00000000d6100000)
  from space 1536K, 68% used [0x00000000d6280000,0x00000000d6388020,0x00000000d6400000)
  to   space 1536K, 0% used [0x00000000d6100000,0x00000000d6100000,0x00000000d6280000)
 ParOldGen       total 1216512K, used 1216029K [0x0000000080000000, 0x00000000ca400000, 0x00000000d5580000)
  object space 1216512K, 99% used [0x0000000080000000,0x00000000ca387498,0x00000000ca400000)
 Metaspace       used 71742K, committed 73408K, reserved 1179648K
  class space    used 7149K, committed 7936K, reserved 1048576K
}

