# JRE version: OpenJDK Runtime Environment Temurin-21.0.8+9 (21.0.8+9) (build 21.0.8+9-LTS)
# Java VM: OpenJDK 64-Bit Server VM Temurin-21.0.8+9 (21.0.8+9-LTS, mixed mode, sharing, tiered, compressed oops, compressed class ptrs, parallel gc, windows-amd64)
GC Precious Log:
 CardTable entry size: 512
 CPUs: 16 total, 16 available
 Memory: 15693M
 Large Page Support: Disabled
 NUMA Support: Disabled
 Compressed Oops: Enabled (32-bit)
 Alignments: Space 512K, Generation 512K, Heap 2M
 Heap Min Capacity: 100M
 Heap Initial Capacity: 100M
 Heap Max Capacity: 2G
 Pre-touch: Disabled
 Parallel Workers: 13
Heap:
 PSYoungGen      total 6144K, used 3129K [0x00000000d5580000, 0x00000000d6100000, 0x0000000100000000)
  eden space 4608K, 38% used [0x00000000d5580000,0x00000000d5740df8,0x00000000d5a00000)
  from space 1536K, 86% used [0x00000000d5a00000,0x00000000d5b4d810,0x00000000d5b80000)
  to   space 3072K, 0% used [0x00000000d5e00000,0x00000000d5e00000,0x00000000d6100000)
 ParOldGen       total 945152K, used 944801K [0x0000000080000000, 0x00000000b9b00000, 0x00000000d5580000)
  object space 945152K, 99% used [0x0000000080000000,0x00000000b9aa8500,0x00000000b9b00000)
 Metaspace       used 72127K, committed 73728K, reserved 1179648K
  class space    used 7169K, committed 7936K, reserved 1048576K
GC Heap History (20 events):
Event: 43.062 GC heap before
{Heap before GC invocations=2088 (full 4):
 PSYoungGen      total 11776K, used 11750K [0x00000000d5580000, 0x00000000d6500000, 0x0000000100000000)
  eden space 10752K, 100% used [0x00000000d5580000,0x00000000d6000000,0x00000000d6000000)
  from space 1024K, 97% used [0x00000000d6000000,0x00000000d60f9888,0x00000000d6100000)
  to   space 2560K, 0% used [0x00000000d6280000,0x00000000d6280000,0x00000000d6500000)
 ParOldGen       total 916480K, used 916473K [0x0000000080000000, 0x00000000b7f00000, 0x00000000d5580000)
  object space 916480K, 99% used [0x0000000080000000,0x00000000b7efe7c8,0x00000000b7f00000)
 Metaspace       used 71833K, committed 73472K, reserved 1179648K
  class space    used 7140K, committed 7872K, reserved 1048576K
}
Event: 43.067 GC heap after
{Heap after GC invocations=2088 (full 4):
 PSYoungGen      total 8704K, used 2535K [0x00000000d5580000, 0x00000000d6e00000, 0x0000000100000000)
  eden space 6144K, 0% used [0x00000000d5580000,0x00000000d5580000,0x00000000d5b80000)
  from space 2560K, 99% used [0x00000000d6280000,0x00000000d64f9c38,0x00000000d6500000)
  to   space 7168K, 0% used [0x00000000d5b80000,0x00000000d5b80000,0x00000000d6280000)
 ParOldGen       total 920064K, used 920053K [0x0000000080000000, 0x00000000b8280000, 0x00000000d5580000)
  object space 920064K, 99% used [0x0000000080000000,0x00000000b827d518,0x00000000b8280000)
 Metaspace       used 71833K, committed 73472K, reserved 1179648K
  class space    used 7140K, committed 7872K, reserved 1048576K
}
Event: 43.080 GC heap before
{Heap before GC invocations=2089 (full 4):
 PSYoungGen      total 8704K, used 8679K [0x00000000d5580000, 0x00000000d6e00000, 0x0000000100000000)
  eden space 6144K, 100% used [0x00000000d5580000,0x00000000d5b80000,0x00000000d5b80000)
  from space 2560K, 99% used [0x00000000d6280000,0x00000000d64f9c38,0x00000000d6500000)
  to   space 7168K, 0% used [0x00000000d5b80000,0x00000000d5b80000,0x00000000d6280000)
 ParOldGen       total 920064K, used 920053K [0x0000000080000000, 0x00000000b8280000, 0x00000000d5580000)
  object space 920064K, 99% used [0x0000000080000000,0x00000000b827d518,0x00000000b8280000)
 Metaspace       used 71833K, committed 73472K, reserved 1179648K
  class space    used 7140K, committed 7872K, reserved 1048576K
}
Event: 43.085 GC heap after
{Heap after GC invocations=2089 (full 4):
 PSYoungGen      total 12288K, used 5853K [0x00000000d5580000, 0x00000000d6780000, 0x0000000100000000)
  eden space 6144K, 0% used [0x00000000d5580000,0x00000000d5580000,0x00000000d5b80000)
  from space 6144K, 95% used [0x00000000d5b80000,0x00000000d6137728,0x00000000d6180000)
  to   space 6144K, 0% used [0x00000000d6180000,0x00000000d6180000,0x00000000d6780000)
 ParOldGen       total 922624K, used 922529K [0x0000000080000000, 0x00000000b8500000, 0x00000000d5580000)
  object space 922624K, 99% used [0x0000000080000000,0x00000000b84e8708,0x00000000b8500000)
 Metaspace       used 71833K, committed 73472K, reserved 1179648K
  class space    used 7140K, committed 7872K, reserved 1048576K
}
Event: 43.098 GC heap before
{Heap before GC invocations=2090 (full 4):
 PSYoungGen      total 12288K, used 11997K [0x00000000d5580000, 0x00000000d6780000, 0x0000000100000000)
  eden space 6144K, 100% used [0x00000000d5580000,0x00000000d5b80000,0x00000000d5b80000)
  from space 6144K, 95% used [0x00000000d5b80000,0x00000000d6137728,0x00000000d6180000)
  to   space 6144K, 0% used [0x00000000d6180000,0x00000000d6180000,0x00000000d6780000)
 ParOldGen       total 922624K, used 922529K [0x0000000080000000, 0x00000000b8500000, 0x00000000d5580000)
  object space 922624K, 99% used [0x0000000080000000,0x00000000b84e8708,0x00000000b8500000)
 Metaspace       used 71833K, committed 73472K, reserved 1179648K
  class space    used 7140K, committed 7872K, reserved 1048576K
}
Event: 43.103 GC heap after
{Heap after GC invocations=2090 (full 4):
 PSYoungGen      total 12800K, used 4741K [0x00000000d5580000, 0x00000000d6800000, 0x0000000100000000)
  eden space 6656K, 0% used [0x00000000d5580000,0x00000000d5580000,0x00000000d5c00000)
  from space 6144K, 77% used [0x00000000d6180000,0x00000000d6621470,0x00000000d6780000)
  to   space 5632K, 0% used [0x00000000d5c00000,0x00000000d5c00000,0x00000000d6180000)
 ParOldGen       total 926720K, used 926464K [0x0000000080000000, 0x00000000b8900000, 0x00000000d5580000)
  object space 926720K, 99% used [0x0000000080000000,0x00000000b88c0068,0x00000000b8900000)
 Metaspace       used 71833K, committed 73472K, reserved 1179648K
  class space    used 7140K, committed 7872K, reserved 1048576K
}
Event: 43.170 GC heap before
{Heap before GC invocations=2091 (full 4):
 PSYoungGen      total 12800K, used 11397K [0x00000000d5580000, 0x00000000d6800000, 0x0000000100000000)
  eden space 6656K, 100% used [0x00000000d5580000,0x00000000d5c00000,0x00000000d5c00000)
  from space 6144K, 77% used [0x00000000d6180000,0x00000000d6621470,0x00000000d6780000)
  to   space 5632K, 0% used [0x00000000d5c00000,0x00000000d5c00000,0x00000000d6180000)
 ParOldGen       total 926720K, used 926464K [0x0000000080000000, 0x00000000b8900000, 0x00000000d5580000)
  object space 926720K, 99% used [0x0000000080000000,0x00000000b88c0068,0x00000000b8900000)
 Metaspace       used 71833K, committed 73472K, reserved 1179648K
  class space    used 7140K, committed 7872K, reserved 1048576K
}
Event: 43.174 GC heap after
{Heap after GC invocations=2091 (full 4):
 PSYoungGen      total 9216K, used 2272K [0x00000000d5580000, 0x00000000d6300000, 0x0000000100000000)
  eden space 6656K, 0% used [0x00000000d5580000,0x00000000d5580000,0x00000000d5c00000)
  from space 2560K, 88% used [0x00000000d5c00000,0x00000000d5e38018,0x00000000d5e80000)
  to   space 3584K, 0% used [0x00000000d5f80000,0x00000000d5f80000,0x00000000d6300000)
 ParOldGen       total 931328K, used 931022K [0x0000000080000000, 0x00000000b8d80000, 0x00000000d5580000)
  object space 931328K, 99% used [0x0000000080000000,0x00000000b8d338c0,0x00000000b8d80000)
 Metaspace       used 71833K, committed 73472K, reserved 1179648K
  class space    used 7140K, committed 7872K, reserved 1048576K
}
Event: 43.201 GC heap before
{Heap before GC invocations=2092 (full 4):
 PSYoungGen      total 9216K, used 8928K [0x00000000d5580000, 0x00000000d6300000, 0x0000000100000000)
  eden space 6656K, 100% used [0x00000000d5580000,0x00000000d5c00000,0x00000000d5c00000)
  from space 2560K, 88% used [0x00000000d5c00000,0x00000000d5e38018,0x00000000d5e80000)
  to   space 3584K, 0% used [0x00000000d5f80000,0x00000000d5f80000,0x00000000d6300000)
 ParOldGen       total 931328K, used 931022K [0x0000000080000000, 0x00000000b8d80000, 0x00000000d5580000)
  object space 931328K, 99% used [0x0000000080000000,0x00000000b8d338c0,0x00000000b8d80000)
 Metaspace       used 71833K, committed 73472K, reserved 1179648K
  class space    used 7140K, committed 7872K, reserved 1048576K
}
Event: 43.204 GC heap after
{Heap after GC invocations=2092 (full 4):
 PSYoungGen      total 9216K, used 2208K [0x00000000d5580000, 0x00000000d6200000, 0x0000000100000000)
  eden space 6656K, 0% used [0x00000000d5580000,0x00000000d5580000,0x00000000d5c00000)
  from space 2560K, 86% used [0x00000000d5f80000,0x00000000d61a8000,0x00000000d6200000)
  to   space 2560K, 0% used [0x00000000d5c00000,0x00000000d5c00000,0x00000000d5e80000)
 ParOldGen       total 933376K, used 933099K [0x0000000080000000, 0x00000000b8f80000, 0x00000000d5580000)
  object space 933376K, 99% used [0x0000000080000000,0x00000000b8f3adf8,0x00000000b8f80000)
 Metaspace       used 71833K, committed 73472K, reserved 1179648K
  class space    used 7140K, committed 7872K, reserved 1048576K
}
Event: 43.225 GC heap before
{Heap before GC invocations=2093 (full 4):
 PSYoungGen      total 9216K, used 8864K [0x00000000d5580000, 0x00000000d6200000, 0x0000000100000000)
  eden space 6656K, 100% used [0x00000000d5580000,0x00000000d5c00000,0x00000000d5c00000)
  from space 2560K, 86% used [0x00000000d5f80000,0x00000000d61a8000,0x00000000d6200000)
  to   space 2560K, 0% used [0x00000000d5c00000,0x00000000d5c00000,0x00000000d5e80000)
 ParOldGen       total 933376K, used 933099K [0x0000000080000000, 0x00000000b8f80000, 0x00000000d5580000)
  object space 933376K, 99% used [0x0000000080000000,0x00000000b8f3adf8,0x00000000b8f80000)
 Metaspace       used 71833K, committed 73472K, reserved 1179648K
  class space    used 7140K, committed 7872K, reserved 1048576K
}
Event: 43.229 GC heap after
{Heap after GC invocations=2093 (full 4):
 PSYoungGen      total 9216K, used 2550K [0x00000000d5580000, 0x00000000d6600000, 0x0000000100000000)
  eden space 6656K, 0% used [0x00000000d5580000,0x00000000d5580000,0x00000000d5c00000)
  from space 2560K, 99% used [0x00000000d5c00000,0x00000000d5e7d810,0x00000000d5e80000)
  to   space 5120K, 0% used [0x00000000d6100000,0x00000000d6100000,0x00000000d6600000)
 ParOldGen       total 935424K, used 935105K [0x0000000080000000, 0x00000000b9180000, 0x00000000d5580000)
  object space 935424K, 99% used [0x0000000080000000,0x00000000b91306a8,0x00000000b9180000)
 Metaspace       used 71833K, committed 73472K, reserved 1179648K
  class space    used 7140K, committed 7872K, reserved 1048576K
}
Event: 43.255 GC heap before
{Heap before GC invocations=2094 (full 4):
 PSYoungGen      total 9216K, used 9206K [0x00000000d5580000, 0x00000000d6600000, 0x0000000100000000)
  eden space 6656K, 100% used [0x00000000d5580000,0x00000000d5c00000,0x00000000d5c00000)
  from space 2560K, 99% used [0x00000000d5c00000,0x00000000d5e7d810,0x00000000d5e80000)
  to   space 5120K, 0% used [0x00000000d6100000,0x00000000d6100000,0x00000000d6600000)
 ParOldGen       total 935424K, used 935105K [0x0000000080000000, 0x00000000b9180000, 0x00000000d5580000)
  object space 935424K, 99% used [0x0000000080000000,0x00000000b91306a8,0x00000000b9180000)
 Metaspace       used 71833K, committed 73472K, reserved 1179648K
  class space    used 7140K, committed 7872K, reserved 1048576K
}
Event: 43.259 GC heap after
{Heap after GC invocations=2094 (full 4):
 PSYoungGen      total 9728K, used 2614K [0x00000000d5580000, 0x00000000d6400000, 0x0000000100000000)
  eden space 6656K, 0% used [0x00000000d5580000,0x00000000d5580000,0x00000000d5c00000)
  from space 3072K, 85% used [0x00000000d6100000,0x00000000d638d810,0x00000000d6400000)
  to   space 3584K, 0% used [0x00000000d5d00000,0x00000000d5d00000,0x00000000d6080000)
 ParOldGen       total 937472K, used 937025K [0x0000000080000000, 0x00000000b9380000, 0x00000000d5580000)
  object space 937472K, 99% used [0x0000000080000000,0x00000000b9310758,0x00000000b9380000)
 Metaspace       used 71833K, committed 73472K, reserved 1179648K
  class space    used 7140K, committed 7872K, reserved 1048576K
}
Event: 43.275 GC heap before
{Heap before GC invocations=2095 (full 4):
 PSYoungGen      total 9728K, used 9270K [0x00000000d5580000, 0x00000000d6400000, 0x0000000100000000)
  eden space 6656K, 100% used [0x00000000d5580000,0x00000000d5c00000,0x00000000d5c00000)
  from space 3072K, 85% used [0x00000000d6100000,0x00000000d638d810,0x00000000d6400000)
  to   space 3584K, 0% used [0x00000000d5d00000,0x00000000d5d00000,0x00000000d6080000)
 ParOldGen       total 937472K, used 937025K [0x0000000080000000, 0x00000000b9380000, 0x00000000d5580000)
  object space 937472K, 99% used [0x0000000080000000,0x00000000b9310758,0x00000000b9380000)
 Metaspace       used 71833K, committed 73472K, reserved 1179648K
  class space    used 7140K, committed 7872K, reserved 1048576K
}
Event: 43.278 GC heap after
{Heap after GC invocations=2095 (full 4):
 PSYoungGen      total 10240K, used 3332K [0x00000000d5580000, 0x00000000d6300000, 0x0000000100000000)
  eden space 6656K, 0% used [0x00000000d5580000,0x00000000d5580000,0x00000000d5c00000)
  from space 3584K, 92% used [0x00000000d5d00000,0x00000000d6041288,0x00000000d6080000)
  to   space 2560K, 0% used [0x00000000d6080000,0x00000000d6080000,0x00000000d6300000)
 ParOldGen       total 939520K, used 939126K [0x0000000080000000, 0x00000000b9580000, 0x00000000d5580000)
  object space 939520K, 99% used [0x0000000080000000,0x00000000b951d928,0x00000000b9580000)
 Metaspace       used 71833K, committed 73472K, reserved 1179648K
  class space    used 7140K, committed 7872K, reserved 1048576K
}
Event: 43.307 GC heap before
{Heap before GC invocations=2096 (full 4):
 PSYoungGen      total 10240K, used 9988K [0x00000000d5580000, 0x00000000d6300000, 0x0000000100000000)
  eden space 6656K, 100% used [0x00000000d5580000,0x00000000d5c00000,0x00000000d5c00000)
  from space 3584K, 92% used [0x00000000d5d00000,0x00000000d6041288,0x00000000d6080000)
  to   space 2560K, 0% used [0x00000000d6080000,0x00000000d6080000,0x00000000d6300000)
 ParOldGen       total 939520K, used 939126K [0x0000000080000000, 0x00000000b9580000, 0x00000000d5580000)
  object space 939520K, 99% used [0x0000000080000000,0x00000000b951d928,0x00000000b9580000)
 Metaspace       used 71833K, committed 73472K, reserved 1179648K
  class space    used 7140K, committed 7872K, reserved 1048576K
}
Event: 43.311 GC heap after
{Heap after GC invocations=2096 (full 4):
 PSYoungGen      total 7168K, used 2536K [0x00000000d5580000, 0x00000000d6900000, 0x0000000100000000)
  eden space 4608K, 0% used [0x00000000d5580000,0x00000000d5580000,0x00000000d5a00000)
  from space 2560K, 99% used [0x00000000d6080000,0x00000000d62fa338,0x00000000d6300000)
  to   space 6656K, 0% used [0x00000000d5a00000,0x00000000d5a00000,0x00000000d6080000)
 ParOldGen       total 942592K, used 942525K [0x0000000080000000, 0x00000000b9880000, 0x00000000d5580000)
  object space 942592K, 99% used [0x0000000080000000,0x00000000b986f710,0x00000000b9880000)
 Metaspace       used 71833K, committed 73472K, reserved 1179648K
  class space    used 7140K, committed 7872K, reserved 1048576K
}
Event: 304.451 GC heap before
{Heap before GC invocations=2097 (full 4):
 PSYoungGen      total 7168K, used 7144K [0x00000000d5580000, 0x00000000d6900000, 0x0000000100000000)
  eden space 4608K, 100% used [0x00000000d5580000,0x00000000d5a00000,0x00000000d5a00000)
  from space 2560K, 99% used [0x00000000d6080000,0x00000000d62fa338,0x00000000d6300000)
  to   space 6656K, 0% used [0x00000000d5a00000,0x00000000d5a00000,0x00000000d6080000)
 ParOldGen       total 942592K, used 942525K [0x0000000080000000, 0x00000000b9880000, 0x00000000d5580000)
  object space 942592K, 99% used [0x0000000080000000,0x00000000b986f710,0x00000000b9880000)
 Metaspace       used 71906K, committed 73536K, reserved 1179648K
  class space    used 7155K, committed 7936K, reserved 1048576K
}
Event: 304.455 GC heap after
{Heap after GC invocations=2097 (full 4):
 PSYoungGen      total 6144K, used 1334K [0x00000000d5580000, 0x00000000d6100000, 0x0000000100000000)
  eden space 4608K, 0% used [0x00000000d5580000,0x00000000d5580000,0x00000000d5a00000)
  from space 1536K, 86% used [0x00000000d5a00000,0x00000000d5b4d810,0x00000000d5b80000)
  to   space 3072K, 0% used [0x00000000d5e00000,0x00000000d5e00000,0x00000000d6100000)
 ParOldGen       total 945152K, used 944801K [0x0000000080000000, 0x00000000b9b00000, 0x00000000d5580000)
  object space 945152K, 99% used [0x0000000080000000,0x00000000b9aa8500,0x00000000b9b00000)
 Metaspace       used 71906K, committed 73536K, reserved 1179648K
  class space    used 7155K, committed 7936K, reserved 1048576K
}

