# JRE version: OpenJDK Runtime Environment Temurin-21.0.8+9 (21.0.8+9) (build 21.0.8+9-LTS)
# Java VM: OpenJDK 64-Bit Server VM Temurin-21.0.8+9 (21.0.8+9-LTS, mixed mode, sharing, tiered, compressed oops, compressed class ptrs, parallel gc, windows-amd64)
GC Precious Log:
 CardTable entry size: 512
 CPUs: 16 total, 16 available
 Memory: 15693M
 Large Page Support: Disabled
 NUMA Support: Disabled
 Compressed Oops: Enabled (32-bit)
 Alignments: Space 512K, Generation 512K, Heap 2M
 Heap Min Capacity: 100M
 Heap Initial Capacity: 100M
 Heap Max Capacity: 2G
 Pre-touch: Disabled
 Parallel Workers: 13
Heap:
 PSYoungGen      total 19456K, used 2016K [0x00000000d5580000, 0x00000000d6b00000, 0x0000000100000000)
  eden space 17408K, 0% used [0x00000000d5580000,0x00000000d5580000,0x00000000d6680000)
  from space 2048K, 98% used [0x00000000d6700000,0x00000000d68f8238,0x00000000d6900000)
  to   space 2048K, 0% used [0x00000000d6900000,0x00000000d6900000,0x00000000d6b00000)
 ParOldGen       total 857600K, used 405648K [0x0000000080000000, 0x00000000b4580000, 0x00000000d5580000)
  object space 857600K, 47% used [0x0000000080000000,0x0000000098c24140,0x00000000b4580000)
 Metaspace       used 76316K, committed 77952K, reserved 1179648K
  class space    used 8084K, committed 8768K, reserved 1048576K
GC Heap History (20 events):
Event: 60.805 GC heap after
{Heap after GC invocations=1391 (full 4):
 PSYoungGen      total 12800K, used 1502K [0x00000000d5580000, 0x00000000d6500000, 0x0000000100000000)
  eden space 11264K, 0% used [0x00000000d5580000,0x00000000d5580000,0x00000000d6080000)
  from space 1536K, 97% used [0x00000000d6180000,0x00000000d62f7b28,0x00000000d6300000)
  to   space 2048K, 0% used [0x00000000d6300000,0x00000000d6300000,0x00000000d6500000)
 ParOldGen       total 857600K, used 395609K [0x0000000080000000, 0x00000000b4580000, 0x00000000d5580000)
  object space 857600K, 46% used [0x0000000080000000,0x00000000982564c8,0x00000000b4580000)
 Metaspace       used 76292K, committed 77824K, reserved 1179648K
  class space    used 8084K, committed 8768K, reserved 1048576K
}
Event: 60.813 GC heap before
{Heap before GC invocations=1392 (full 4):
 PSYoungGen      total 12800K, used 12766K [0x00000000d5580000, 0x00000000d6500000, 0x0000000100000000)
  eden space 11264K, 100% used [0x00000000d5580000,0x00000000d6080000,0x00000000d6080000)
  from space 1536K, 97% used [0x00000000d6180000,0x00000000d62f7b28,0x00000000d6300000)
  to   space 2048K, 0% used [0x00000000d6300000,0x00000000d6300000,0x00000000d6500000)
 ParOldGen       total 857600K, used 395609K [0x0000000080000000, 0x00000000b4580000, 0x00000000d5580000)
  object space 857600K, 46% used [0x0000000080000000,0x00000000982564c8,0x00000000b4580000)
 Metaspace       used 76292K, committed 77824K, reserved 1179648K
  class space    used 8084K, committed 8768K, reserved 1048576K
}
Event: 60.817 GC heap after
{Heap after GC invocations=1392 (full 4):
 PSYoungGen      total 12288K, used 768K [0x00000000d5580000, 0x00000000d6400000, 0x0000000100000000)
  eden space 11264K, 0% used [0x00000000d5580000,0x00000000d5580000,0x00000000d6080000)
  from space 1024K, 75% used [0x00000000d6300000,0x00000000d63c0000,0x00000000d6400000)
  to   space 1536K, 0% used [0x00000000d6100000,0x00000000d6100000,0x00000000d6280000)
 ParOldGen       total 857600K, used 396918K [0x0000000080000000, 0x00000000b4580000, 0x00000000d5580000)
  object space 857600K, 46% used [0x0000000080000000,0x000000009839dbd8,0x00000000b4580000)
 Metaspace       used 76292K, committed 77824K, reserved 1179648K
  class space    used 8084K, committed 8768K, reserved 1048576K
}
Event: 60.829 GC heap before
{Heap before GC invocations=1393 (full 4):
 PSYoungGen      total 12288K, used 12032K [0x00000000d5580000, 0x00000000d6400000, 0x0000000100000000)
  eden space 11264K, 100% used [0x00000000d5580000,0x00000000d6080000,0x00000000d6080000)
  from space 1024K, 75% used [0x00000000d6300000,0x00000000d63c0000,0x00000000d6400000)
  to   space 1536K, 0% used [0x00000000d6100000,0x00000000d6100000,0x00000000d6280000)
 ParOldGen       total 857600K, used 396918K [0x0000000080000000, 0x00000000b4580000, 0x00000000d5580000)
  object space 857600K, 46% used [0x0000000080000000,0x000000009839dbd8,0x00000000b4580000)
 Metaspace       used 76292K, committed 77824K, reserved 1179648K
  class space    used 8084K, committed 8768K, reserved 1048576K
}
Event: 60.831 GC heap after
{Heap after GC invocations=1393 (full 4):
 PSYoungGen      total 12288K, used 992K [0x00000000d5580000, 0x00000000d6380000, 0x0000000100000000)
  eden space 11264K, 0% used [0x00000000d5580000,0x00000000d5580000,0x00000000d6080000)
  from space 1024K, 96% used [0x00000000d6100000,0x00000000d61f8040,0x00000000d6200000)
  to   space 1536K, 0% used [0x00000000d6200000,0x00000000d6200000,0x00000000d6380000)
 ParOldGen       total 857600K, used 397449K [0x0000000080000000, 0x00000000b4580000, 0x00000000d5580000)
  object space 857600K, 46% used [0x0000000080000000,0x0000000098422740,0x00000000b4580000)
 Metaspace       used 76292K, committed 77824K, reserved 1179648K
  class space    used 8084K, committed 8768K, reserved 1048576K
}
Event: 60.842 GC heap before
{Heap before GC invocations=1394 (full 4):
 PSYoungGen      total 12288K, used 12256K [0x00000000d5580000, 0x00000000d6380000, 0x0000000100000000)
  eden space 11264K, 100% used [0x00000000d5580000,0x00000000d6080000,0x00000000d6080000)
  from space 1024K, 96% used [0x00000000d6100000,0x00000000d61f8040,0x00000000d6200000)
  to   space 1536K, 0% used [0x00000000d6200000,0x00000000d6200000,0x00000000d6380000)
 ParOldGen       total 857600K, used 397449K [0x0000000080000000, 0x00000000b4580000, 0x00000000d5580000)
  object space 857600K, 46% used [0x0000000080000000,0x0000000098422740,0x00000000b4580000)
 Metaspace       used 76292K, committed 77824K, reserved 1179648K
  class space    used 8084K, committed 8768K, reserved 1048576K
}
Event: 60.847 GC heap after
{Heap after GC invocations=1394 (full 4):
 PSYoungGen      total 13312K, used 896K [0x00000000d5580000, 0x00000000d6500000, 0x0000000100000000)
  eden space 11776K, 0% used [0x00000000d5580000,0x00000000d5580000,0x00000000d6100000)
  from space 1536K, 58% used [0x00000000d6200000,0x00000000d62e0010,0x00000000d6380000)
  to   space 1024K, 0% used [0x00000000d6100000,0x00000000d6100000,0x00000000d6200000)
 ParOldGen       total 857600K, used 398161K [0x0000000080000000, 0x00000000b4580000, 0x00000000d5580000)
  object space 857600K, 46% used [0x0000000080000000,0x00000000984d47a0,0x00000000b4580000)
 Metaspace       used 76292K, committed 77824K, reserved 1179648K
  class space    used 8084K, committed 8768K, reserved 1048576K
}
Event: 60.860 GC heap before
{Heap before GC invocations=1395 (full 4):
 PSYoungGen      total 13312K, used 12672K [0x00000000d5580000, 0x00000000d6500000, 0x0000000100000000)
  eden space 11776K, 100% used [0x00000000d5580000,0x00000000d6100000,0x00000000d6100000)
  from space 1536K, 58% used [0x00000000d6200000,0x00000000d62e0010,0x00000000d6380000)
  to   space 1024K, 0% used [0x00000000d6100000,0x00000000d6100000,0x00000000d6200000)
 ParOldGen       total 857600K, used 398161K [0x0000000080000000, 0x00000000b4580000, 0x00000000d5580000)
  object space 857600K, 46% used [0x0000000080000000,0x00000000984d47a0,0x00000000b4580000)
 Metaspace       used 76292K, committed 77824K, reserved 1179648K
  class space    used 8084K, committed 8768K, reserved 1048576K
}
Event: 60.864 GC heap after
{Heap after GC invocations=1395 (full 4):
 PSYoungGen      total 12800K, used 992K [0x00000000d5580000, 0x00000000d6780000, 0x0000000100000000)
  eden space 11776K, 0% used [0x00000000d5580000,0x00000000d5580000,0x00000000d6100000)
  from space 1024K, 96% used [0x00000000d6100000,0x00000000d61f8040,0x00000000d6200000)
  to   space 2048K, 0% used [0x00000000d6580000,0x00000000d6580000,0x00000000d6780000)
 ParOldGen       total 857600K, used 399042K [0x0000000080000000, 0x00000000b4580000, 0x00000000d5580000)
  object space 857600K, 46% used [0x0000000080000000,0x00000000985b0b78,0x00000000b4580000)
 Metaspace       used 76292K, committed 77824K, reserved 1179648K
  class space    used 8084K, committed 8768K, reserved 1048576K
}
Event: 60.873 GC heap before
{Heap before GC invocations=1396 (full 4):
 PSYoungGen      total 12800K, used 12768K [0x00000000d5580000, 0x00000000d6780000, 0x0000000100000000)
  eden space 11776K, 100% used [0x00000000d5580000,0x00000000d6100000,0x00000000d6100000)
  from space 1024K, 96% used [0x00000000d6100000,0x00000000d61f8040,0x00000000d6200000)
  to   space 2048K, 0% used [0x00000000d6580000,0x00000000d6580000,0x00000000d6780000)
 ParOldGen       total 857600K, used 399042K [0x0000000080000000, 0x00000000b4580000, 0x00000000d5580000)
  object space 857600K, 46% used [0x0000000080000000,0x00000000985b0b78,0x00000000b4580000)
 Metaspace       used 76292K, committed 77824K, reserved 1179648K
  class space    used 8084K, committed 8768K, reserved 1048576K
}
Event: 60.877 GC heap after
{Heap after GC invocations=1396 (full 4):
 PSYoungGen      total 15872K, used 1152K [0x00000000d5580000, 0x00000000d6700000, 0x0000000100000000)
  eden space 14336K, 0% used [0x00000000d5580000,0x00000000d5580000,0x00000000d6380000)
  from space 1536K, 75% used [0x00000000d6580000,0x00000000d66a0020,0x00000000d6700000)
  to   space 1536K, 0% used [0x00000000d6400000,0x00000000d6400000,0x00000000d6580000)
 ParOldGen       total 857600K, used 400042K [0x0000000080000000, 0x00000000b4580000, 0x00000000d5580000)
  object space 857600K, 46% used [0x0000000080000000,0x00000000986aabb8,0x00000000b4580000)
 Metaspace       used 76292K, committed 77824K, reserved 1179648K
  class space    used 8084K, committed 8768K, reserved 1048576K
}
Event: 60.897 GC heap before
{Heap before GC invocations=1397 (full 4):
 PSYoungGen      total 15872K, used 15488K [0x00000000d5580000, 0x00000000d6700000, 0x0000000100000000)
  eden space 14336K, 100% used [0x00000000d5580000,0x00000000d6380000,0x00000000d6380000)
  from space 1536K, 75% used [0x00000000d6580000,0x00000000d66a0020,0x00000000d6700000)
  to   space 1536K, 0% used [0x00000000d6400000,0x00000000d6400000,0x00000000d6580000)
 ParOldGen       total 857600K, used 400042K [0x0000000080000000, 0x00000000b4580000, 0x00000000d5580000)
  object space 857600K, 46% used [0x0000000080000000,0x00000000986aabb8,0x00000000b4580000)
 Metaspace       used 76292K, committed 77824K, reserved 1179648K
  class space    used 8084K, committed 8768K, reserved 1048576K
}
Event: 60.902 GC heap after
{Heap after GC invocations=1397 (full 4):
 PSYoungGen      total 16384K, used 1456K [0x00000000d5580000, 0x00000000d6980000, 0x0000000100000000)
  eden space 14848K, 0% used [0x00000000d5580000,0x00000000d5580000,0x00000000d6400000)
  from space 1536K, 94% used [0x00000000d6400000,0x00000000d656c050,0x00000000d6580000)
  to   space 1536K, 0% used [0x00000000d6800000,0x00000000d6800000,0x00000000d6980000)
 ParOldGen       total 857600K, used 400978K [0x0000000080000000, 0x00000000b4580000, 0x00000000d5580000)
  object space 857600K, 46% used [0x0000000080000000,0x0000000098794bf8,0x00000000b4580000)
 Metaspace       used 76292K, committed 77824K, reserved 1179648K
  class space    used 8084K, committed 8768K, reserved 1048576K
}
Event: 60.919 GC heap before
{Heap before GC invocations=1398 (full 4):
 PSYoungGen      total 16384K, used 16304K [0x00000000d5580000, 0x00000000d6980000, 0x0000000100000000)
  eden space 14848K, 100% used [0x00000000d5580000,0x00000000d6400000,0x00000000d6400000)
  from space 1536K, 94% used [0x00000000d6400000,0x00000000d656c050,0x00000000d6580000)
  to   space 1536K, 0% used [0x00000000d6800000,0x00000000d6800000,0x00000000d6980000)
 ParOldGen       total 857600K, used 400978K [0x0000000080000000, 0x00000000b4580000, 0x00000000d5580000)
  object space 857600K, 46% used [0x0000000080000000,0x0000000098794bf8,0x00000000b4580000)
 Metaspace       used 76304K, committed 77888K, reserved 1179648K
  class space    used 8084K, committed 8768K, reserved 1048576K
}
Event: 60.923 GC heap after
{Heap after GC invocations=1398 (full 4):
 PSYoungGen      total 18944K, used 1070K [0x00000000d5580000, 0x00000000d6a00000, 0x0000000100000000)
  eden space 17408K, 0% used [0x00000000d5580000,0x00000000d5580000,0x00000000d6680000)
  from space 1536K, 69% used [0x00000000d6800000,0x00000000d690b8f0,0x00000000d6980000)
  to   space 1536K, 0% used [0x00000000d6680000,0x00000000d6680000,0x00000000d6800000)
 ParOldGen       total 857600K, used 402003K [0x0000000080000000, 0x00000000b4580000, 0x00000000d5580000)
  object space 857600K, 46% used [0x0000000080000000,0x0000000098894c38,0x00000000b4580000)
 Metaspace       used 76304K, committed 77888K, reserved 1179648K
  class space    used 8084K, committed 8768K, reserved 1048576K
}
Event: 60.946 GC heap before
{Heap before GC invocations=1399 (full 4):
 PSYoungGen      total 18944K, used 18478K [0x00000000d5580000, 0x00000000d6a00000, 0x0000000100000000)
  eden space 17408K, 100% used [0x00000000d5580000,0x00000000d6680000,0x00000000d6680000)
  from space 1536K, 69% used [0x00000000d6800000,0x00000000d690b8f0,0x00000000d6980000)
  to   space 1536K, 0% used [0x00000000d6680000,0x00000000d6680000,0x00000000d6800000)
 ParOldGen       total 857600K, used 402003K [0x0000000080000000, 0x00000000b4580000, 0x00000000d5580000)
  object space 857600K, 46% used [0x0000000080000000,0x0000000098894c38,0x00000000b4580000)
 Metaspace       used 76309K, committed 77888K, reserved 1179648K
  class space    used 8084K, committed 8768K, reserved 1048576K
}
Event: 61.950 GC heap after
{Heap after GC invocations=1399 (full 4):
 PSYoungGen      total 18944K, used 1504K [0x00000000d5580000, 0x00000000d6b80000, 0x0000000100000000)
  eden space 17408K, 0% used [0x00000000d5580000,0x00000000d5580000,0x00000000d6680000)
  from space 1536K, 97% used [0x00000000d6680000,0x00000000d67f8020,0x00000000d6800000)
  to   space 2560K, 0% used [0x00000000d6900000,0x00000000d6900000,0x00000000d6b80000)
 ParOldGen       total 857600K, used 402790K [0x0000000080000000, 0x00000000b4580000, 0x00000000d5580000)
  object space 857600K, 46% used [0x0000000080000000,0x0000000098959928,0x00000000b4580000)
 Metaspace       used 76309K, committed 77888K, reserved 1179648K
  class space    used 8084K, committed 8768K, reserved 1048576K
}
Event: 61.959 GC heap before
{Heap before GC invocations=1400 (full 4):
 PSYoungGen      total 18944K, used 18912K [0x00000000d5580000, 0x00000000d6b80000, 0x0000000100000000)
  eden space 17408K, 100% used [0x00000000d5580000,0x00000000d6680000,0x00000000d6680000)
  from space 1536K, 97% used [0x00000000d6680000,0x00000000d67f8020,0x00000000d6800000)
  to   space 2560K, 0% used [0x00000000d6900000,0x00000000d6900000,0x00000000d6b80000)
 ParOldGen       total 857600K, used 402790K [0x0000000080000000, 0x00000000b4580000, 0x00000000d5580000)
  object space 857600K, 46% used [0x0000000080000000,0x0000000098959928,0x00000000b4580000)
 Metaspace       used 76309K, committed 77888K, reserved 1179648K
  class space    used 8084K, committed 8768K, reserved 1048576K
}
Event: 61.961 GC heap after
{Heap after GC invocations=1400 (full 4):
 PSYoungGen      total 19456K, used 1568K [0x00000000d5580000, 0x00000000d6b00000, 0x0000000100000000)
  eden space 17408K, 0% used [0x00000000d5580000,0x00000000d5580000,0x00000000d6680000)
  from space 2048K, 76% used [0x00000000d6900000,0x00000000d6a88040,0x00000000d6b00000)
  to   space 2048K, 0% used [0x00000000d6700000,0x00000000d6700000,0x00000000d6900000)
 ParOldGen       total 857600K, used 403922K [0x0000000080000000, 0x00000000b4580000, 0x00000000d5580000)
  object space 857600K, 47% used [0x0000000080000000,0x0000000098a74b20,0x00000000b4580000)
 Metaspace       used 76309K, committed 77888K, reserved 1179648K
  class space    used 8084K, committed 8768K, reserved 1048576K
}
Event: 61.992 GC heap before
{Heap before GC invocations=1401 (full 4):
 PSYoungGen      total 19456K, used 18976K [0x00000000d5580000, 0x00000000d6b00000, 0x0000000100000000)
  eden space 17408K, 100% used [0x00000000d5580000,0x00000000d6680000,0x00000000d6680000)
  from space 2048K, 76% used [0x00000000d6900000,0x00000000d6a88040,0x00000000d6b00000)
  to   space 2048K, 0% used [0x00000000d6700000,0x00000000d6700000,0x00000000d6900000)
 ParOldGen       total 857600K, used 403922K [0x0000000080000000, 0x00000000b4580000, 0x00000000d5580000)
  object space 857600K, 47% used [0x0000000080000000,0x0000000098a74b20,0x00000000b4580000)
 Metaspace       used 76316K, committed 77952K, reserved 1179648K
  class space    used 8084K, committed 8768K, reserved 1048576K
}

